<?xml version="1.0" encoding="UTF-8"?>
<!-- Generated by org.testng.reporters.JUnitXMLReporter -->
<testsuite hostname="DESKTOP-9J8TLT4" name="Advanced Mappings" tests="16" failures="0" timestamp="16 Apr 2016 04:05:48 GMT" time="6.854" errors="0">
  <testcase name="storeLoadAccessType" time="0.019" classname="org.jpwh.test.advanced.AccessType"/>
  <testcase name="storeLoadInitialPrice" time="0.031" classname="org.jpwh.test.advanced.GeneratedProperties"/>
  <testcase name="storeLoadLastModified" time="0.056" classname="org.jpwh.test.advanced.GeneratedProperties"/>
  <testcase name="storeLoadTransform" time="0.031" classname="org.jpwh.test.advanced.TransformingColumns"/>
  <testcase name="storeAndLoadZipcode" time="0.015" classname="org.jpwh.test.converter.Converters"/>
  <testcase name="storeLoadMonetaryAmount" time="0.028" classname="org.jpwh.test.converter.Converters"/>
  <testcase name="storeLoadLocator" time="0.047" classname="org.jpwh.test.advanced.LazyProperties"/>
  <testcase name="storeLoadProperties" time="0.012" classname="org.jpwh.test.advanced.LazyProperties"/>
  <testcase name="storeLoadOverride" time="0.009" classname="org.jpwh.test.advanced.BooleanOverride"/>
  <testcase name="loadSubselectEntity" time="0.025" classname="org.jpwh.test.advanced.MappedSubselect"/>
  <testcase name="storeLoadMonetaryAmount" time="0.015" classname="org.jpwh.test.converter.UserTypes"/>
  <testcase name="storeAndLoadUsers" time="0.013" classname="org.jpwh.test.advanced.NestedComponents"/>
  <testcase name="storeLoadFormula" time="0.015" classname="org.jpwh.test.advanced.DerivedProperties"/>
  <testcase name="storeLoadFormulaSubselect" time="0.012" classname="org.jpwh.test.advanced.DerivedProperties"/>
  <testcase name="storeLoadTemporal" time="0.02" classname="org.jpwh.test.advanced.Temporal"/>
  <testcase name="storeLoadEnum" time="0.011" classname="org.jpwh.test.advanced.Enum"/>
</testsuite> <!-- Advanced Mappings -->
