<?xml version="1.0" encoding="UTF-8"?>
<!-- Generated by org.testng.reporters.JUnitXMLReporter -->
<testsuite hostname="DESKTOP-9J8TLT4" name="Conversations" tests="3" failures="0" timestamp="16 Apr 2016 04:06:11 GMT" time="0.999" errors="0">
  <testcase name="businessKeyEquality" time="0.006" classname="org.jpwh.test.conversation.Detached"/>
  <testcase name="conversationCreateItem" time="0.008" classname="org.jpwh.test.conversation.ExtendedPC"/>
  <testcase name="conversationEditItem" time="0.017" classname="org.jpwh.test.conversation.ExtendedPC"/>
</testsuite> <!-- Conversations -->
