<?xml version="1.0" encoding="UTF-8"?>
<!-- Generated by org.testng.reporters.JUnitXMLReporter -->
<testsuite hostname="DESKTOP-9J8TLT4" name="Simple Mappings" tests="24" failures="0" timestamp="3 Mar 2016 03:54:41 GMT" time="15.609" errors="0">
  <testcase name="accessDynamicMetamodel" time="0.0" classname="org.jpwh.test.simple.AccessJPAMetamodel"/>
  <testcase name="accessStaticMetamodel" time="0.001" classname="org.jpwh.test.simple.AccessJPAMetamodel"/>
  <testcase name="queryStaticMetamodel" time="0.119" classname="org.jpwh.test.simple.AccessJPAMetamodel"/>
  <testcase name="basicUOW" time="0.013" classname="org.jpwh.test.simple.SimpleTransitions"/>
  <testcase name="detach" time="0.029" classname="org.jpwh.test.simple.SimpleTransitions"/>
  <testcase name="flushModeType" time="0.027" classname="org.jpwh.test.simple.SimpleTransitions"/>
  <testcase name="makePersistent" time="0.009" classname="org.jpwh.test.simple.SimpleTransitions"/>
  <testcase name="makeTransient" time="0.022" classname="org.jpwh.test.simple.SimpleTransitions"/>
  <testcase name="mergeDetached" time="0.029" classname="org.jpwh.test.simple.SimpleTransitions"/>
  <testcase name="refresh" time="0.037" classname="org.jpwh.test.simple.SimpleTransitions"/>
  <testcase name="replicate" time="0.021" classname="org.jpwh.test.simple.SimpleTransitions"/>
  <testcase name="retrievePersistent" time="0.021" classname="org.jpwh.test.simple.SimpleTransitions"/>
  <testcase name="retrievePersistentReference" time="0.014" classname="org.jpwh.test.simple.SimpleTransitions"/>
  <testcase name="scopeOfIdentity" time="0.011" classname="org.jpwh.test.simple.SimpleTransitions"/>
  <testcase name="storeAndQueryItems" time="0.013" classname="org.jpwh.test.simple.CRUD"/>
  <testcase name="storeAndQueryItems" time="0.016" classname="org.jpwh.test.simple.CRUDMetadataHBMXML"/>
  <testcase name="checkMetadataOverride" time="0.0" classname="org.jpwh.test.simple.CRUDMetadataOverrideXML"/>
  <testcase name="storeAndQueryItems" time="0.012" classname="org.jpwh.test.simple.CRUDMetadataOverrideXML"/>
  <testcase name="storeAndQueryItems" time="0.011" classname="org.jpwh.test.simple.CRUDMetadataXML"/>
  <testcase name="storeAndLoadInvalidUsers" time="0.017" classname="org.jpwh.test.simple.MappingEmbeddables"/>
  <testcase name="storeAndLoadUsers" time="0.005" classname="org.jpwh.test.simple.MappingEmbeddables"/>
  <testcase name="storeAndLoadBids" time="0.02" classname="org.jpwh.test.simple.MappingManyToOne"/>
  <testcase name="linkBidAndItem" time="0.0" classname="org.jpwh.test.simple.ModelOperations"/>
  <testcase name="validateItem" time="0.025" classname="org.jpwh.test.simple.ModelOperations"/>
</testsuite> <!-- Simple Mappings -->
