<?xml version="1.0" encoding="UTF-8"?>
<!-- Generated by org.testng.reporters.JUnitXMLReporter -->
<testsuite hostname="DESKTOP-9J8TLT4" name="Scaling" tests="17" failures="0" timestamp="16 Apr 2016 04:09:20 GMT" time="36.458" errors="0">
  <testcase name="batchInsertUpdate" time="16.132" classname="org.jpwh.test.bulkbatch.BatchInsertUpdate"/>
  <testcase name="batchInsertUpdateWithStatelessSession" time="8.938" classname="org.jpwh.test.bulkbatch.BatchInsertUpdate"/>
  <testcase name="bulkDelete" time="0.044" classname="org.jpwh.test.bulkbatch.BulkStatementsCriteria"/>
  <testcase name="bulkUpdate" time="0.022" classname="org.jpwh.test.bulkbatch.BulkStatementsCriteria"/>
  <testcase name="bulkUpdateVersioned" time="0.019" classname="org.jpwh.test.bulkbatch.BulkStatementsCriteria"/>
  <testcase name="cacheBehavior" time="0.068" classname="org.jpwh.test.cache.SecondLevel"/>
  <testcase name="cacheControl" time="0.027" classname="org.jpwh.test.cache.SecondLevel"/>
  <testcase name="cacheModes" time="0.027" classname="org.jpwh.test.cache.SecondLevel"/>
  <testcase name="cacheNaturalId" time="0.036" classname="org.jpwh.test.cache.SecondLevel"/>
  <testcase name="cacheQueryResults" time="0.033" classname="org.jpwh.test.cache.SecondLevel"/>
  <testcase name="bulkUpdate" time="0.018" classname="org.jpwh.test.bulkbatch.BulkStatementsSQL"/>
  <testcase name="bulkUpdateHibernate" time="0.018" classname="org.jpwh.test.bulkbatch.BulkStatementsSQL"/>
  <testcase name="bulkDelete" time="0.02" classname="org.jpwh.test.bulkbatch.BulkStatementsJPQL"/>
  <testcase name="bulkInsert" time="0.024" classname="org.jpwh.test.bulkbatch.BulkStatementsJPQL"/>
  <testcase name="bulkUpdate" time="0.02" classname="org.jpwh.test.bulkbatch.BulkStatementsJPQL"/>
  <testcase name="bulkUpdateInheritance" time="0.058" classname="org.jpwh.test.bulkbatch.BulkStatementsJPQL"/>
  <testcase name="bulkUpdateVersioned" time="0.047" classname="org.jpwh.test.bulkbatch.BulkStatementsJPQL"/>
</testsuite> <!-- Scaling -->
