<?xml version="1.0" encoding="UTF-8"?>
<testng-results skipped="0" failed="0" total="216" passed="216">
  <reporter-output>
  </reporter-output>
  <suite name="AllTests - examples" duration-ms="299278" started-at="2016-03-03T03:54:23Z" finished-at="2016-03-03T03:59:22Z">
    <groups>
      <group name="MYSQL">
        <method signature="Locking.extendedLock()[pri:0, instance:org.jpwh.test.concurrency.Locking@490ab905]" name="extendedLock" class="org.jpwh.test.concurrency.Locking"/>
        <method signature="CreateExecuteQueries.createNamedQueries()[pri:0, instance:org.jpwh.test.querying.CreateExecuteQueries@17d677df]" name="createNamedQueries" class="org.jpwh.test.querying.CreateExecuteQueries"/>
        <method signature="CreateExecuteQueries.namedQueries()[pri:0, instance:org.jpwh.test.querying.CreateExecuteQueries@17d677df]" name="namedQueries" class="org.jpwh.test.querying.CreateExecuteQueries"/>
        <method signature="CreateExecuteQueries.queryHints()[pri:0, instance:org.jpwh.test.querying.CreateExecuteQueries@17d677df]" name="queryHints" class="org.jpwh.test.querying.CreateExecuteQueries"/>
        <method signature="BulkStatementsSQL.bulkUpdate()[pri:0, instance:org.jpwh.test.bulkbatch.BulkStatementsSQL@5ed828d]" name="bulkUpdate" class="org.jpwh.test.bulkbatch.BulkStatementsSQL"/>
        <method signature="BulkStatementsSQL.bulkUpdateHibernate()[pri:0, instance:org.jpwh.test.bulkbatch.BulkStatementsSQL@5ed828d]" name="bulkUpdateHibernate" class="org.jpwh.test.bulkbatch.BulkStatementsSQL"/>
      </group> <!-- MYSQL -->
      <group name="H2">
        <method signature="SimpleTransitions.replicate()[pri:0, instance:org.jpwh.test.simple.SimpleTransitions@234bef66]" name="replicate" class="org.jpwh.test.simple.SimpleTransitions"/>
        <method signature="TablePerClass.jdbcBillingDetailsSqlQuery()[pri:0, instance:org.jpwh.test.inheritance.TablePerClass@4590c9c3]" name="jdbcBillingDetailsSqlQuery" class="org.jpwh.test.inheritance.TablePerClass"/>
        <method signature="GeneratedProperties.storeLoadLastModified()[pri:0, instance:org.jpwh.test.advanced.GeneratedProperties@3a82f6ef]" name="storeLoadLastModified" class="org.jpwh.test.advanced.GeneratedProperties"/>
        <method signature="CustomSchema.configurePersistenceUnit()[pri:0, instance:org.jpwh.test.complexschemas.CustomSchema@4883b407]" name="configurePersistenceUnit" class="org.jpwh.test.complexschemas.CustomSchema"/>
        <method signature="CustomSchema.storeLoadCheckColumnInvalid()[pri:0, instance:org.jpwh.test.complexschemas.CustomSchema@4883b407]" name="storeLoadCheckColumnInvalid" class="org.jpwh.test.complexschemas.CustomSchema"/>
        <method signature="CustomSchema.storeLoadCheckSingleRowInvalid()[pri:0, instance:org.jpwh.test.complexschemas.CustomSchema@4883b407]" name="storeLoadCheckSingleRowInvalid" class="org.jpwh.test.complexschemas.CustomSchema"/>
        <method signature="CustomSchema.storeLoadCheckSubselectValid()[pri:0, instance:org.jpwh.test.complexschemas.CustomSchema@4883b407]" name="storeLoadCheckSubselectValid" class="org.jpwh.test.complexschemas.CustomSchema"/>
        <method signature="CustomSchema.storeLoadDomainInvalid()[pri:0, instance:org.jpwh.test.complexschemas.CustomSchema@4883b407]" name="storeLoadDomainInvalid" class="org.jpwh.test.complexschemas.CustomSchema"/>
        <method signature="CustomSchema.storeLoadUniqueMultiColumnValid()[pri:0, instance:org.jpwh.test.complexschemas.CustomSchema@4883b407]" name="storeLoadUniqueMultiColumnValid" class="org.jpwh.test.complexschemas.CustomSchema"/>
        <method signature="CustomSchema.storeLoadValid()[pri:0, instance:org.jpwh.test.complexschemas.CustomSchema@4883b407]" name="storeLoadValid" class="org.jpwh.test.complexschemas.CustomSchema"/>
        <method signature="Locking.extendedLock()[pri:0, instance:org.jpwh.test.concurrency.Locking@490ab905]" name="extendedLock" class="org.jpwh.test.concurrency.Locking"/>
        <method signature="NonTransactional.autoCommit()[pri:0, instance:org.jpwh.test.concurrency.NonTransactional@e45f292]" name="autoCommit" class="org.jpwh.test.concurrency.NonTransactional"/>
        <method signature="ExtendedPC.conversationCreateItem()[pri:0, instance:org.jpwh.test.conversation.ExtendedPC@ff5b51f]" name="conversationCreateItem" class="org.jpwh.test.conversation.ExtendedPC"/>
        <method signature="ExtendedPC.conversationEditItem()[pri:0, instance:org.jpwh.test.conversation.ExtendedPC@ff5b51f]" name="conversationEditItem" class="org.jpwh.test.conversation.ExtendedPC"/>
        <method signature="CreateExecuteQueries.createNamedQueries()[pri:0, instance:org.jpwh.test.querying.CreateExecuteQueries@17d677df]" name="createNamedQueries" class="org.jpwh.test.querying.CreateExecuteQueries"/>
        <method signature="CreateExecuteQueries.namedQueries()[pri:0, instance:org.jpwh.test.querying.CreateExecuteQueries@17d677df]" name="namedQueries" class="org.jpwh.test.querying.CreateExecuteQueries"/>
        <method signature="CreateExecuteQueries.queryHints()[pri:0, instance:org.jpwh.test.querying.CreateExecuteQueries@17d677df]" name="queryHints" class="org.jpwh.test.querying.CreateExecuteQueries"/>
        <method signature="HibernateSQLQueries.executeRecursiveQueries()[pri:0, instance:org.jpwh.test.querying.sql.HibernateSQLQueries@7e2d773b]" name="executeRecursiveQueries" class="org.jpwh.test.querying.sql.HibernateSQLQueries"/>
        <method signature="NativeQueries.executeRecursiveQueries()[pri:0, instance:org.jpwh.test.querying.sql.NativeQueries@7a765367]" name="executeRecursiveQueries" class="org.jpwh.test.querying.sql.NativeQueries"/>
        <method signature="Projection.executeQueriesWithFunctions()[pri:0, instance:org.jpwh.test.querying.criteria.Projection@80503]" name="executeQueriesWithFunctions" class="org.jpwh.test.querying.criteria.Projection"/>
        <method signature="Projection.executeQueriesWithFunctions()[pri:0, instance:org.jpwh.test.querying.jpql.Projection@2781e022]" name="executeQueriesWithFunctions" class="org.jpwh.test.querying.jpql.Projection"/>
        <method signature="Restriction.executeQueriesWithFunctions()[pri:0, instance:org.jpwh.test.querying.criteria.Restriction@57e1b0c]" name="executeQueriesWithFunctions" class="org.jpwh.test.querying.criteria.Restriction"/>
        <method signature="Restriction.executeQueriesWithFunctions()[pri:0, instance:org.jpwh.test.querying.jpql.Restriction@4d50efb8]" name="executeQueriesWithFunctions" class="org.jpwh.test.querying.jpql.Restriction"/>
        <method signature="CustomSQL.readRestrictedCollection()[pri:0, instance:org.jpwh.test.customsql.CustomSQL@36b4cef0]" name="readRestrictedCollection" class="org.jpwh.test.customsql.CustomSQL"/>
        <method signature="BulkStatementsSQL.bulkUpdate()[pri:0, instance:org.jpwh.test.bulkbatch.BulkStatementsSQL@5ed828d]" name="bulkUpdate" class="org.jpwh.test.bulkbatch.BulkStatementsSQL"/>
        <method signature="BulkStatementsSQL.bulkUpdateHibernate()[pri:0, instance:org.jpwh.test.bulkbatch.BulkStatementsSQL@5ed828d]" name="bulkUpdateHibernate" class="org.jpwh.test.bulkbatch.BulkStatementsSQL"/>
      </group> <!-- H2 -->
      <group name="POSTGRESQL">
        <method signature="SimpleTransitions.replicate()[pri:0, instance:org.jpwh.test.simple.SimpleTransitions@234bef66]" name="replicate" class="org.jpwh.test.simple.SimpleTransitions"/>
        <method signature="TablePerClass.jdbcBillingDetailsSqlQuery()[pri:0, instance:org.jpwh.test.inheritance.TablePerClass@4590c9c3]" name="jdbcBillingDetailsSqlQuery" class="org.jpwh.test.inheritance.TablePerClass"/>
        <method signature="NonTransactional.autoCommit()[pri:0, instance:org.jpwh.test.concurrency.NonTransactional@e45f292]" name="autoCommit" class="org.jpwh.test.concurrency.NonTransactional"/>
        <method signature="ExtendedPC.conversationCreateItem()[pri:0, instance:org.jpwh.test.conversation.ExtendedPC@ff5b51f]" name="conversationCreateItem" class="org.jpwh.test.conversation.ExtendedPC"/>
        <method signature="ExtendedPC.conversationEditItem()[pri:0, instance:org.jpwh.test.conversation.ExtendedPC@ff5b51f]" name="conversationEditItem" class="org.jpwh.test.conversation.ExtendedPC"/>
        <method signature="CustomSQL.readRestrictedCollection()[pri:0, instance:org.jpwh.test.customsql.CustomSQL@36b4cef0]" name="readRestrictedCollection" class="org.jpwh.test.customsql.CustomSQL"/>
        <method signature="BulkStatementsSQL.bulkUpdate()[pri:0, instance:org.jpwh.test.bulkbatch.BulkStatementsSQL@5ed828d]" name="bulkUpdate" class="org.jpwh.test.bulkbatch.BulkStatementsSQL"/>
        <method signature="BulkStatementsSQL.bulkUpdateHibernate()[pri:0, instance:org.jpwh.test.bulkbatch.BulkStatementsSQL@5ed828d]" name="bulkUpdateHibernate" class="org.jpwh.test.bulkbatch.BulkStatementsSQL"/>
      </group> <!-- POSTGRESQL -->
      <group name="ORACLE">
        <method signature="SimpleTransitions.replicate()[pri:0, instance:org.jpwh.test.simple.SimpleTransitions@234bef66]" name="replicate" class="org.jpwh.test.simple.SimpleTransitions"/>
        <method signature="Locking.extendedLock()[pri:0, instance:org.jpwh.test.concurrency.Locking@490ab905]" name="extendedLock" class="org.jpwh.test.concurrency.Locking"/>
        <method signature="NonTransactional.autoCommit()[pri:0, instance:org.jpwh.test.concurrency.NonTransactional@e45f292]" name="autoCommit" class="org.jpwh.test.concurrency.NonTransactional"/>
        <method signature="ExtendedPC.conversationCreateItem()[pri:0, instance:org.jpwh.test.conversation.ExtendedPC@ff5b51f]" name="conversationCreateItem" class="org.jpwh.test.conversation.ExtendedPC"/>
        <method signature="ExtendedPC.conversationEditItem()[pri:0, instance:org.jpwh.test.conversation.ExtendedPC@ff5b51f]" name="conversationEditItem" class="org.jpwh.test.conversation.ExtendedPC"/>
        <method signature="CreateExecuteQueries.createNamedQueries()[pri:0, instance:org.jpwh.test.querying.CreateExecuteQueries@17d677df]" name="createNamedQueries" class="org.jpwh.test.querying.CreateExecuteQueries"/>
        <method signature="CreateExecuteQueries.namedQueries()[pri:0, instance:org.jpwh.test.querying.CreateExecuteQueries@17d677df]" name="namedQueries" class="org.jpwh.test.querying.CreateExecuteQueries"/>
        <method signature="CreateExecuteQueries.queryHints()[pri:0, instance:org.jpwh.test.querying.CreateExecuteQueries@17d677df]" name="queryHints" class="org.jpwh.test.querying.CreateExecuteQueries"/>
      </group> <!-- ORACLE -->
    </groups>
    <test name="Hello World" duration-ms="2519" started-at="2016-03-03T03:54:23Z" finished-at="2016-03-03T03:54:26Z">
      <class name="org.jpwh.helloworld.HelloWorldJPA">
        <test-method status="PASS" signature="storeLoadMessage()[pri:0, instance:org.jpwh.helloworld.HelloWorldJPA@7a0ac6e3]" name="storeLoadMessage" duration-ms="801" started-at="2016-03-03T14:24:25Z" finished-at="2016-03-03T14:24:26Z">
          <reporter-output>
          </reporter-output>
        </test-method> <!-- storeLoadMessage -->
      </class> <!-- org.jpwh.helloworld.HelloWorldJPA -->
      <class name="org.jpwh.helloworld.HelloWorldHibernate">
        <test-method status="PASS" signature="storeLoadMessage()[pri:0, instance:org.jpwh.helloworld.HelloWorldHibernate@6aaa5eb0]" name="storeLoadMessage" duration-ms="1709" started-at="2016-03-03T14:24:23Z" finished-at="2016-03-03T14:24:25Z">
          <reporter-output>
          </reporter-output>
        </test-method> <!-- storeLoadMessage -->
      </class> <!-- org.jpwh.helloworld.HelloWorldHibernate -->
    </test> <!-- Hello World -->
    <test name="Simple Mappings" duration-ms="15609" started-at="2016-03-03T03:54:26Z" finished-at="2016-03-03T03:54:41Z">
      <class name="org.jpwh.test.simple.CRUD">
        <test-method status="PASS" signature="beforeClass()[pri:0, instance:org.jpwh.test.simple.CRUD@737996a0]" name="beforeClass" is-config="true" duration-ms="0" started-at="2016-03-03T14:24:35Z" finished-at="2016-03-03T14:24:35Z">
          <reporter-output>
          </reporter-output>
        </test-method> <!-- beforeClass -->
        <test-method status="PASS" signature="beforeMethod()[pri:0, instance:org.jpwh.test.simple.CRUD@737996a0]" name="beforeMethod" is-config="true" duration-ms="458" started-at="2016-03-03T14:24:35Z" finished-at="2016-03-03T14:24:36Z">
          <reporter-output>
          </reporter-output>
        </test-method> <!-- beforeMethod -->
        <test-method status="PASS" signature="storeAndQueryItems()[pri:0, instance:org.jpwh.test.simple.CRUD@737996a0]" name="storeAndQueryItems" duration-ms="13" started-at="2016-03-03T14:24:36Z" finished-at="2016-03-03T14:24:36Z">
          <reporter-output>
          </reporter-output>
        </test-method> <!-- storeAndQueryItems -->
        <test-method status="PASS" signature="afterMethod()[pri:0, instance:org.jpwh.test.simple.CRUD@737996a0]" name="afterMethod" is-config="true" duration-ms="142" started-at="2016-03-03T14:24:36Z" finished-at="2016-03-03T14:24:36Z">
          <reporter-output>
          </reporter-output>
        </test-method> <!-- afterMethod -->
      </class> <!-- org.jpwh.test.simple.CRUD -->
      <class name="org.jpwh.test.simple.CRUDMetadataXML">
        <test-method status="PASS" signature="beforeClass()[pri:0, instance:org.jpwh.test.simple.CRUDMetadataXML@2cb4c3ab]" name="beforeClass" is-config="true" duration-ms="0" started-at="2016-03-03T14:24:39Z" finished-at="2016-03-03T14:24:39Z">
          <reporter-output>
          </reporter-output>
        </test-method> <!-- beforeClass -->
        <test-method status="PASS" signature="beforeMethod()[pri:0, instance:org.jpwh.test.simple.CRUDMetadataXML@2cb4c3ab]" name="beforeMethod" is-config="true" duration-ms="356" started-at="2016-03-03T14:24:39Z" finished-at="2016-03-03T14:24:39Z">
          <reporter-output>
          </reporter-output>
        </test-method> <!-- beforeMethod -->
        <test-method status="PASS" signature="storeAndQueryItems()[pri:0, instance:org.jpwh.test.simple.CRUDMetadataXML@2cb4c3ab]" name="storeAndQueryItems" duration-ms="11" started-at="2016-03-03T14:24:39Z" finished-at="2016-03-03T14:24:39Z">
          <reporter-output>
          </reporter-output>
        </test-method> <!-- storeAndQueryItems -->
        <test-method status="PASS" signature="afterMethod()[pri:0, instance:org.jpwh.test.simple.CRUDMetadataXML@2cb4c3ab]" name="afterMethod" is-config="true" duration-ms="122" started-at="2016-03-03T14:24:39Z" finished-at="2016-03-03T14:24:39Z">
          <reporter-output>
          </reporter-output>
        </test-method> <!-- afterMethod -->
      </class> <!-- org.jpwh.test.simple.CRUDMetadataXML -->
      <class name="org.jpwh.test.simple.SimpleTransitions">
        <test-method status="PASS" signature="beforeClass()[pri:0, instance:org.jpwh.test.simple.SimpleTransitions@234bef66]" name="beforeClass" is-config="true" duration-ms="0" started-at="2016-03-03T14:24:28Z" finished-at="2016-03-03T14:24:28Z">
          <reporter-output>
          </reporter-output>
        </test-method> <!-- beforeClass -->
        <test-method status="PASS" signature="beforeMethod()[pri:0, instance:org.jpwh.test.simple.SimpleTransitions@234bef66]" name="beforeMethod" is-config="true" duration-ms="622" started-at="2016-03-03T14:24:28Z" finished-at="2016-03-03T14:24:29Z">
          <reporter-output>
          </reporter-output>
        </test-method> <!-- beforeMethod -->
        <test-method status="PASS" signature="basicUOW()[pri:0, instance:org.jpwh.test.simple.SimpleTransitions@234bef66]" name="basicUOW" duration-ms="13" started-at="2016-03-03T14:24:29Z" finished-at="2016-03-03T14:24:29Z">
          <reporter-output>
          </reporter-output>
        </test-method> <!-- basicUOW -->
        <test-method status="PASS" signature="afterMethod()[pri:0, instance:org.jpwh.test.simple.SimpleTransitions@234bef66]" name="afterMethod" is-config="true" duration-ms="209" started-at="2016-03-03T14:24:29Z" finished-at="2016-03-03T14:24:29Z">
          <reporter-output>
          </reporter-output>
        </test-method> <!-- afterMethod -->
        <test-method status="PASS" signature="beforeMethod()[pri:0, instance:org.jpwh.test.simple.SimpleTransitions@234bef66]" name="beforeMethod" is-config="true" duration-ms="582" started-at="2016-03-03T14:24:29Z" finished-at="2016-03-03T14:24:29Z">
          <reporter-output>
          </reporter-output>
        </test-method> <!-- beforeMethod -->
        <test-method status="PASS" signature="detach()[pri:0, instance:org.jpwh.test.simple.SimpleTransitions@234bef66]" name="detach" duration-ms="29" started-at="2016-03-03T14:24:29Z" finished-at="2016-03-03T14:24:29Z">
          <reporter-output>
          </reporter-output>
        </test-method> <!-- detach -->
        <test-method status="PASS" signature="afterMethod()[pri:0, instance:org.jpwh.test.simple.SimpleTransitions@234bef66]" name="afterMethod" is-config="true" duration-ms="196" started-at="2016-03-03T14:24:29Z" finished-at="2016-03-03T14:24:30Z">
          <reporter-output>
          </reporter-output>
        </test-method> <!-- afterMethod -->
        <test-method status="PASS" signature="beforeMethod()[pri:0, instance:org.jpwh.test.simple.SimpleTransitions@234bef66]" name="beforeMethod" is-config="true" duration-ms="575" started-at="2016-03-03T14:24:30Z" finished-at="2016-03-03T14:24:30Z">
          <reporter-output>
          </reporter-output>
        </test-method> <!-- beforeMethod -->
        <test-method status="PASS" signature="flushModeType()[pri:0, instance:org.jpwh.test.simple.SimpleTransitions@234bef66]" name="flushModeType" duration-ms="27" started-at="2016-03-03T14:24:30Z" finished-at="2016-03-03T14:24:30Z">
          <reporter-output>
          </reporter-output>
        </test-method> <!-- flushModeType -->
        <test-method status="PASS" signature="afterMethod()[pri:0, instance:org.jpwh.test.simple.SimpleTransitions@234bef66]" name="afterMethod" is-config="true" duration-ms="132" started-at="2016-03-03T14:24:30Z" finished-at="2016-03-03T14:24:30Z">
          <reporter-output>
          </reporter-output>
        </test-method> <!-- afterMethod -->
        <test-method status="PASS" signature="beforeMethod()[pri:0, instance:org.jpwh.test.simple.SimpleTransitions@234bef66]" name="beforeMethod" is-config="true" duration-ms="401" started-at="2016-03-03T14:24:30Z" finished-at="2016-03-03T14:24:31Z">
          <reporter-output>
          </reporter-output>
        </test-method> <!-- beforeMethod -->
        <test-method status="PASS" signature="makePersistent()[pri:0, instance:org.jpwh.test.simple.SimpleTransitions@234bef66]" name="makePersistent" duration-ms="9" started-at="2016-03-03T14:24:31Z" finished-at="2016-03-03T14:24:31Z">
          <reporter-output>
          </reporter-output>
        </test-method> <!-- makePersistent -->
        <test-method status="PASS" signature="afterMethod()[pri:0, instance:org.jpwh.test.simple.SimpleTransitions@234bef66]" name="afterMethod" is-config="true" duration-ms="128" started-at="2016-03-03T14:24:31Z" finished-at="2016-03-03T14:24:31Z">
          <reporter-output>
          </reporter-output>
        </test-method> <!-- afterMethod -->
        <test-method status="PASS" signature="beforeMethod()[pri:0, instance:org.jpwh.test.simple.SimpleTransitions@234bef66]" name="beforeMethod" is-config="true" duration-ms="410" started-at="2016-03-03T14:24:31Z" finished-at="2016-03-03T14:24:31Z">
          <reporter-output>
          </reporter-output>
        </test-method> <!-- beforeMethod -->
        <test-method status="PASS" signature="makeTransient()[pri:0, instance:org.jpwh.test.simple.SimpleTransitions@234bef66]" name="makeTransient" duration-ms="22" started-at="2016-03-03T14:24:31Z" finished-at="2016-03-03T14:24:31Z">
          <reporter-output>
          </reporter-output>
        </test-method> <!-- makeTransient -->
        <test-method status="PASS" signature="afterMethod()[pri:0, instance:org.jpwh.test.simple.SimpleTransitions@234bef66]" name="afterMethod" is-config="true" duration-ms="154" started-at="2016-03-03T14:24:31Z" finished-at="2016-03-03T14:24:31Z">
          <reporter-output>
          </reporter-output>
        </test-method> <!-- afterMethod -->
        <test-method status="PASS" signature="beforeMethod()[pri:0, instance:org.jpwh.test.simple.SimpleTransitions@234bef66]" name="beforeMethod" is-config="true" duration-ms="442" started-at="2016-03-03T14:24:31Z" finished-at="2016-03-03T14:24:32Z">
          <reporter-output>
          </reporter-output>
        </test-method> <!-- beforeMethod -->
        <test-method status="PASS" signature="mergeDetached()[pri:0, instance:org.jpwh.test.simple.SimpleTransitions@234bef66]" name="mergeDetached" duration-ms="29" started-at="2016-03-03T14:24:32Z" finished-at="2016-03-03T14:24:32Z">
          <reporter-output>
          </reporter-output>
        </test-method> <!-- mergeDetached -->
        <test-method status="PASS" signature="afterMethod()[pri:0, instance:org.jpwh.test.simple.SimpleTransitions@234bef66]" name="afterMethod" is-config="true" duration-ms="169" started-at="2016-03-03T14:24:32Z" finished-at="2016-03-03T14:24:32Z">
          <reporter-output>
          </reporter-output>
        </test-method> <!-- afterMethod -->
        <test-method status="PASS" signature="beforeMethod()[pri:0, instance:org.jpwh.test.simple.SimpleTransitions@234bef66]" name="beforeMethod" is-config="true" duration-ms="590" started-at="2016-03-03T14:24:32Z" finished-at="2016-03-03T14:24:33Z">
          <reporter-output>
          </reporter-output>
        </test-method> <!-- beforeMethod -->
        <test-method status="PASS" signature="refresh()[pri:0, instance:org.jpwh.test.simple.SimpleTransitions@234bef66]" name="refresh" duration-ms="37" started-at="2016-03-03T14:24:33Z" finished-at="2016-03-03T14:24:33Z">
          <reporter-output>
          </reporter-output>
        </test-method> <!-- refresh -->
        <test-method status="PASS" signature="afterMethod()[pri:0, instance:org.jpwh.test.simple.SimpleTransitions@234bef66]" name="afterMethod" is-config="true" duration-ms="131" started-at="2016-03-03T14:24:33Z" finished-at="2016-03-03T14:24:33Z">
          <reporter-output>
          </reporter-output>
        </test-method> <!-- afterMethod -->
        <test-method status="PASS" signature="beforeMethod()[pri:0, instance:org.jpwh.test.simple.SimpleTransitions@234bef66]" name="beforeMethod" is-config="true" duration-ms="385" started-at="2016-03-03T14:24:33Z" finished-at="2016-03-03T14:24:33Z">
          <reporter-output>
          </reporter-output>
        </test-method> <!-- beforeMethod -->
        <test-method status="PASS" signature="replicate()[pri:0, instance:org.jpwh.test.simple.SimpleTransitions@234bef66]" name="replicate" duration-ms="21" started-at="2016-03-03T14:24:33Z" finished-at="2016-03-03T14:24:33Z">
          <reporter-output>
          </reporter-output>
        </test-method> <!-- replicate -->
        <test-method status="PASS" signature="afterMethod()[pri:0, instance:org.jpwh.test.simple.SimpleTransitions@234bef66]" name="afterMethod" is-config="true" duration-ms="132" started-at="2016-03-03T14:24:33Z" finished-at="2016-03-03T14:24:33Z">
          <reporter-output>
          </reporter-output>
        </test-method> <!-- afterMethod -->
        <test-method status="PASS" signature="beforeMethod()[pri:0, instance:org.jpwh.test.simple.SimpleTransitions@234bef66]" name="beforeMethod" is-config="true" duration-ms="410" started-at="2016-03-03T14:24:33Z" finished-at="2016-03-03T14:24:34Z">
          <reporter-output>
          </reporter-output>
        </test-method> <!-- beforeMethod -->
        <test-method status="PASS" signature="retrievePersistent()[pri:0, instance:org.jpwh.test.simple.SimpleTransitions@234bef66]" name="retrievePersistent" duration-ms="21" started-at="2016-03-03T14:24:34Z" finished-at="2016-03-03T14:24:34Z">
          <reporter-output>
          </reporter-output>
        </test-method> <!-- retrievePersistent -->
        <test-method status="PASS" signature="afterMethod()[pri:0, instance:org.jpwh.test.simple.SimpleTransitions@234bef66]" name="afterMethod" is-config="true" duration-ms="165" started-at="2016-03-03T14:24:34Z" finished-at="2016-03-03T14:24:34Z">
          <reporter-output>
          </reporter-output>
        </test-method> <!-- afterMethod -->
        <test-method status="PASS" signature="beforeMethod()[pri:0, instance:org.jpwh.test.simple.SimpleTransitions@234bef66]" name="beforeMethod" is-config="true" duration-ms="433" started-at="2016-03-03T14:24:34Z" finished-at="2016-03-03T14:24:34Z">
          <reporter-output>
          </reporter-output>
        </test-method> <!-- beforeMethod -->
        <test-method status="PASS" signature="retrievePersistentReference()[pri:0, instance:org.jpwh.test.simple.SimpleTransitions@234bef66]" name="retrievePersistentReference" duration-ms="14" started-at="2016-03-03T14:24:34Z" finished-at="2016-03-03T14:24:34Z">
          <exception class="org.hibernate.LazyInitializationException">
            <message>
              <![CDATA[could not initialize proxy - no Session]]>
            </message>
            <full-stacktrace>
              <![CDATA[org.hibernate.LazyInitializationException: could not initialize proxy - no Session
	at org.hibernate.proxy.AbstractLazyInitializer.initialize(AbstractLazyInitializer.java:148)
	at org.hibernate.proxy.AbstractLazyInitializer.getImplementation(AbstractLazyInitializer.java:266)
	at org.hibernate.proxy.pojo.javassist.JavassistLazyInitializer.invoke(JavassistLazyInitializer.java:68)
	at org.jpwh.model.simple.Item_$$_jvst92b_1.getName(Item_$$_jvst92b_1.java)
	at org.jpwh.test.simple.SimpleTransitions.retrievePersistentReference(SimpleTransitions.java:203)
	at sun.reflect.NativeMethodAccessorImpl.invoke0(Native Method)
	at sun.reflect.NativeMethodAccessorImpl.invoke(NativeMethodAccessorImpl.java:62)
	at sun.reflect.DelegatingMethodAccessorImpl.invoke(DelegatingMethodAccessorImpl.java:43)
	at java.lang.reflect.Method.invoke(Method.java:497)
	at org.testng.internal.MethodInvocationHelper.invokeMethod(MethodInvocationHelper.java:84)
	at org.testng.internal.Invoker.invokeMethod(Invoker.java:714)
	at org.testng.internal.Invoker.invokeTestMethod(Invoker.java:901)
	at org.testng.internal.Invoker.invokeTestMethods(Invoker.java:1231)
	at org.testng.internal.TestMethodWorker.invokeTestMethods(TestMethodWorker.java:127)
	at org.testng.internal.TestMethodWorker.run(TestMethodWorker.java:111)
	at org.testng.TestRunner.privateRun(TestRunner.java:767)
	at org.testng.TestRunner.run(TestRunner.java:617)
	at org.testng.SuiteRunner.runTest(SuiteRunner.java:334)
	at org.testng.SuiteRunner.runSequentially(SuiteRunner.java:329)
	at org.testng.SuiteRunner.privateRun(SuiteRunner.java:291)
	at org.testng.SuiteRunner.run(SuiteRunner.java:240)
	at org.testng.SuiteRunnerWorker.runSuite(SuiteRunnerWorker.java:52)
	at org.testng.SuiteRunnerWorker.run(SuiteRunnerWorker.java:86)
	at org.testng.TestNG.runSuitesSequentially(TestNG.java:1224)
	at org.testng.TestNG.runSuitesLocally(TestNG.java:1149)
	at org.testng.TestNG.run(TestNG.java:1057)
	at org.apache.maven.surefire.testng.TestNGExecutor.run(TestNGExecutor.java:122)
	at org.apache.maven.surefire.testng.TestNGXmlTestSuite.execute(TestNGXmlTestSuite.java:92)
	at org.apache.maven.surefire.testng.TestNGProvider.invoke(TestNGProvider.java:101)
	at sun.reflect.NativeMethodAccessorImpl.invoke0(Native Method)
	at sun.reflect.NativeMethodAccessorImpl.invoke(NativeMethodAccessorImpl.java:62)
	at sun.reflect.DelegatingMethodAccessorImpl.invoke(DelegatingMethodAccessorImpl.java:43)
	at java.lang.reflect.Method.invoke(Method.java:497)
	at org.apache.maven.surefire.util.ReflectionUtils.invokeMethodWithArray(ReflectionUtils.java:164)
	at org.apache.maven.surefire.booter.ProviderFactory$ProviderProxy.invoke(ProviderFactory.java:110)
	at org.apache.maven.surefire.booter.SurefireStarter.invokeProvider(SurefireStarter.java:172)
	at org.apache.maven.surefire.booter.SurefireStarter.runSuitesInProcessWhenForked(SurefireStarter.java:104)
	at org.apache.maven.surefire.booter.ForkedBooter.main(ForkedBooter.java:70)
]]>
            </full-stacktrace>
          </exception> <!-- org.hibernate.LazyInitializationException -->
          <reporter-output>
          </reporter-output>
        </test-method> <!-- retrievePersistentReference -->
        <test-method status="PASS" signature="afterMethod()[pri:0, instance:org.jpwh.test.simple.SimpleTransitions@234bef66]" name="afterMethod" is-config="true" duration-ms="129" started-at="2016-03-03T14:24:34Z" finished-at="2016-03-03T14:24:35Z">
          <reporter-output>
          </reporter-output>
        </test-method> <!-- afterMethod -->
        <test-method status="PASS" signature="beforeMethod()[pri:0, instance:org.jpwh.test.simple.SimpleTransitions@234bef66]" name="beforeMethod" is-config="true" duration-ms="577" started-at="2016-03-03T14:24:35Z" finished-at="2016-03-03T14:24:35Z">
          <reporter-output>
          </reporter-output>
        </test-method> <!-- beforeMethod -->
        <test-method status="PASS" signature="scopeOfIdentity()[pri:0, instance:org.jpwh.test.simple.SimpleTransitions@234bef66]" name="scopeOfIdentity" duration-ms="11" started-at="2016-03-03T14:24:35Z" finished-at="2016-03-03T14:24:35Z">
          <reporter-output>
          </reporter-output>
        </test-method> <!-- scopeOfIdentity -->
        <test-method status="PASS" signature="afterMethod()[pri:0, instance:org.jpwh.test.simple.SimpleTransitions@234bef66]" name="afterMethod" is-config="true" duration-ms="189" started-at="2016-03-03T14:24:35Z" finished-at="2016-03-03T14:24:35Z">
          <reporter-output>
          </reporter-output>
        </test-method> <!-- afterMethod -->
      </class> <!-- org.jpwh.test.simple.SimpleTransitions -->
      <class name="org.jpwh.test.simple.CRUDMetadataHBMXML">
        <test-method status="PASS" signature="beforeClass()[pri:0, instance:org.jpwh.test.simple.CRUDMetadataHBMXML@13c78c0b]" name="beforeClass" is-config="true" duration-ms="1" started-at="2016-03-03T14:24:36Z" finished-at="2016-03-03T14:24:36Z">
          <reporter-output>
          </reporter-output>
        </test-method> <!-- beforeClass -->
        <test-method status="PASS" signature="beforeMethod()[pri:0, instance:org.jpwh.test.simple.CRUDMetadataHBMXML@13c78c0b]" name="beforeMethod" is-config="true" duration-ms="1483" started-at="2016-03-03T14:24:36Z" finished-at="2016-03-03T14:24:37Z">
          <reporter-output>
          </reporter-output>
        </test-method> <!-- beforeMethod -->
        <test-method status="PASS" signature="storeAndQueryItems()[pri:0, instance:org.jpwh.test.simple.CRUDMetadataHBMXML@13c78c0b]" name="storeAndQueryItems" duration-ms="16" started-at="2016-03-03T14:24:37Z" finished-at="2016-03-03T14:24:37Z">
          <reporter-output>
          </reporter-output>
        </test-method> <!-- storeAndQueryItems -->
        <test-method status="PASS" signature="afterMethod()[pri:0, instance:org.jpwh.test.simple.CRUDMetadataHBMXML@13c78c0b]" name="afterMethod" is-config="true" duration-ms="211" started-at="2016-03-03T14:24:37Z" finished-at="2016-03-03T14:24:38Z">
          <reporter-output>
          </reporter-output>
        </test-method> <!-- afterMethod -->
      </class> <!-- org.jpwh.test.simple.CRUDMetadataHBMXML -->
      <class name="org.jpwh.test.simple.AccessJPAMetamodel">
        <test-method status="PASS" signature="beforeClass()[pri:0, instance:org.jpwh.test.simple.AccessJPAMetamodel@3551a94]" name="beforeClass" is-config="true" duration-ms="0" started-at="2016-03-03T14:24:26Z" finished-at="2016-03-03T14:24:26Z">
          <reporter-output>
          </reporter-output>
        </test-method> <!-- beforeClass -->
        <test-method status="PASS" signature="beforeMethod()[pri:0, instance:org.jpwh.test.simple.AccessJPAMetamodel@3551a94]" name="beforeMethod" is-config="true" duration-ms="846" started-at="2016-03-03T14:24:26Z" finished-at="2016-03-03T14:24:26Z">
          <reporter-output>
          </reporter-output>
        </test-method> <!-- beforeMethod -->
        <test-method status="PASS" signature="afterMethod()[pri:0, instance:org.jpwh.test.simple.AccessJPAMetamodel@3551a94]" name="afterMethod" is-config="true" duration-ms="176" started-at="2016-03-03T14:24:26Z" finished-at="2016-03-03T14:24:27Z">
          <reporter-output>
          </reporter-output>
        </test-method> <!-- afterMethod -->
        <test-method status="PASS" signature="accessDynamicMetamodel()[pri:0, instance:org.jpwh.test.simple.AccessJPAMetamodel@3551a94]" name="accessDynamicMetamodel" duration-ms="0" started-at="2016-03-03T14:24:26Z" finished-at="2016-03-03T14:24:26Z">
          <reporter-output>
          </reporter-output>
        </test-method> <!-- accessDynamicMetamodel -->
        <test-method status="PASS" signature="beforeMethod()[pri:0, instance:org.jpwh.test.simple.AccessJPAMetamodel@3551a94]" name="beforeMethod" is-config="true" duration-ms="537" started-at="2016-03-03T14:24:27Z" finished-at="2016-03-03T14:24:27Z">
          <reporter-output>
          </reporter-output>
        </test-method> <!-- beforeMethod -->
        <test-method status="PASS" signature="accessStaticMetamodel()[pri:0, instance:org.jpwh.test.simple.AccessJPAMetamodel@3551a94]" name="accessStaticMetamodel" duration-ms="1" started-at="2016-03-03T14:24:27Z" finished-at="2016-03-03T14:24:27Z">
          <reporter-output>
          </reporter-output>
        </test-method> <!-- accessStaticMetamodel -->
        <test-method status="PASS" signature="afterMethod()[pri:0, instance:org.jpwh.test.simple.AccessJPAMetamodel@3551a94]" name="afterMethod" is-config="true" duration-ms="174" started-at="2016-03-03T14:24:27Z" finished-at="2016-03-03T14:24:27Z">
          <reporter-output>
          </reporter-output>
        </test-method> <!-- afterMethod -->
        <test-method status="PASS" signature="beforeMethod()[pri:0, instance:org.jpwh.test.simple.AccessJPAMetamodel@3551a94]" name="beforeMethod" is-config="true" duration-ms="405" started-at="2016-03-03T14:24:27Z" finished-at="2016-03-03T14:24:28Z">
          <reporter-output>
          </reporter-output>
        </test-method> <!-- beforeMethod -->
        <test-method status="PASS" signature="queryStaticMetamodel()[pri:0, instance:org.jpwh.test.simple.AccessJPAMetamodel@3551a94]" name="queryStaticMetamodel" duration-ms="119" started-at="2016-03-03T14:24:28Z" finished-at="2016-03-03T14:24:28Z">
          <reporter-output>
          </reporter-output>
        </test-method> <!-- queryStaticMetamodel -->
        <test-method status="PASS" signature="afterMethod()[pri:0, instance:org.jpwh.test.simple.AccessJPAMetamodel@3551a94]" name="afterMethod" is-config="true" duration-ms="144" started-at="2016-03-03T14:24:28Z" finished-at="2016-03-03T14:24:28Z">
          <reporter-output>
          </reporter-output>
        </test-method> <!-- afterMethod -->
      </class> <!-- org.jpwh.test.simple.AccessJPAMetamodel -->
      <class name="org.jpwh.test.simple.MappingManyToOne">
        <test-method status="PASS" signature="beforeClass()[pri:0, instance:org.jpwh.test.simple.MappingManyToOne@531be3c5]" name="beforeClass" is-config="true" duration-ms="0" started-at="2016-03-03T14:24:40Z" finished-at="2016-03-03T14:24:40Z">
          <reporter-output>
          </reporter-output>
        </test-method> <!-- beforeClass -->
        <test-method status="PASS" signature="beforeMethod()[pri:0, instance:org.jpwh.test.simple.MappingManyToOne@531be3c5]" name="beforeMethod" is-config="true" duration-ms="503" started-at="2016-03-03T14:24:40Z" finished-at="2016-03-03T14:24:41Z">
          <reporter-output>
          </reporter-output>
        </test-method> <!-- beforeMethod -->
        <test-method status="PASS" signature="storeAndLoadBids()[pri:0, instance:org.jpwh.test.simple.MappingManyToOne@531be3c5]" name="storeAndLoadBids" duration-ms="20" started-at="2016-03-03T14:24:41Z" finished-at="2016-03-03T14:24:41Z">
          <reporter-output>
          </reporter-output>
        </test-method> <!-- storeAndLoadBids -->
        <test-method status="PASS" signature="afterMethod()[pri:0, instance:org.jpwh.test.simple.MappingManyToOne@531be3c5]" name="afterMethod" is-config="true" duration-ms="193" started-at="2016-03-03T14:24:41Z" finished-at="2016-03-03T14:24:41Z">
          <reporter-output>
          </reporter-output>
        </test-method> <!-- afterMethod -->
      </class> <!-- org.jpwh.test.simple.MappingManyToOne -->
      <class name="org.jpwh.test.simple.ModelOperations">
        <test-method status="PASS" signature="linkBidAndItem()[pri:0, instance:org.jpwh.test.simple.ModelOperations@50f8360d]" name="linkBidAndItem" duration-ms="0" started-at="2016-03-03T14:24:41Z" finished-at="2016-03-03T14:24:41Z">
          <reporter-output>
          </reporter-output>
        </test-method> <!-- linkBidAndItem -->
        <test-method status="PASS" signature="validateItem()[pri:0, instance:org.jpwh.test.simple.ModelOperations@50f8360d]" name="validateItem" duration-ms="25" started-at="2016-03-03T14:24:41Z" finished-at="2016-03-03T14:24:41Z">
          <reporter-output>
          </reporter-output>
        </test-method> <!-- validateItem -->
      </class> <!-- org.jpwh.test.simple.ModelOperations -->
      <class name="org.jpwh.test.simple.CRUDMetadataOverrideXML">
        <test-method status="PASS" signature="beforeClass()[pri:0, instance:org.jpwh.test.simple.CRUDMetadataOverrideXML@61dc03ce]" name="beforeClass" is-config="true" duration-ms="0" started-at="2016-03-03T14:24:38Z" finished-at="2016-03-03T14:24:38Z">
          <reporter-output>
          </reporter-output>
        </test-method> <!-- beforeClass -->
        <test-method status="PASS" signature="beforeMethod()[pri:0, instance:org.jpwh.test.simple.CRUDMetadataOverrideXML@61dc03ce]" name="beforeMethod" is-config="true" duration-ms="461" started-at="2016-03-03T14:24:38Z" finished-at="2016-03-03T14:24:38Z">
          <reporter-output>
          </reporter-output>
        </test-method> <!-- beforeMethod -->
        <test-method status="PASS" signature="checkMetadataOverride()[pri:0, instance:org.jpwh.test.simple.CRUDMetadataOverrideXML@61dc03ce]" name="checkMetadataOverride" duration-ms="0" started-at="2016-03-03T14:24:38Z" finished-at="2016-03-03T14:24:38Z">
          <reporter-output>
          </reporter-output>
        </test-method> <!-- checkMetadataOverride -->
        <test-method status="PASS" signature="afterMethod()[pri:0, instance:org.jpwh.test.simple.CRUDMetadataOverrideXML@61dc03ce]" name="afterMethod" is-config="true" duration-ms="147" started-at="2016-03-03T14:24:38Z" finished-at="2016-03-03T14:24:38Z">
          <reporter-output>
          </reporter-output>
        </test-method> <!-- afterMethod -->
        <test-method status="PASS" signature="beforeMethod()[pri:0, instance:org.jpwh.test.simple.CRUDMetadataOverrideXML@61dc03ce]" name="beforeMethod" is-config="true" duration-ms="463" started-at="2016-03-03T14:24:38Z" finished-at="2016-03-03T14:24:39Z">
          <reporter-output>
          </reporter-output>
        </test-method> <!-- beforeMethod -->
        <test-method status="PASS" signature="storeAndQueryItems()[pri:0, instance:org.jpwh.test.simple.CRUDMetadataOverrideXML@61dc03ce]" name="storeAndQueryItems" duration-ms="12" started-at="2016-03-03T14:24:39Z" finished-at="2016-03-03T14:24:39Z">
          <reporter-output>
          </reporter-output>
        </test-method> <!-- storeAndQueryItems -->
        <test-method status="PASS" signature="afterMethod()[pri:0, instance:org.jpwh.test.simple.CRUDMetadataOverrideXML@61dc03ce]" name="afterMethod" is-config="true" duration-ms="125" started-at="2016-03-03T14:24:39Z" finished-at="2016-03-03T14:24:39Z">
          <reporter-output>
          </reporter-output>
        </test-method> <!-- afterMethod -->
      </class> <!-- org.jpwh.test.simple.CRUDMetadataOverrideXML -->
      <class name="org.jpwh.test.simple.MappingEmbeddables">
        <test-method status="PASS" signature="beforeMethod()[pri:0, instance:org.jpwh.test.simple.MappingEmbeddables@735b478]" name="beforeMethod" is-config="true" duration-ms="382" started-at="2016-03-03T14:24:39Z" finished-at="2016-03-03T14:24:40Z">
          <reporter-output>
          </reporter-output>
        </test-method> <!-- beforeMethod -->
        <test-method status="PASS" signature="beforeClass()[pri:0, instance:org.jpwh.test.simple.MappingEmbeddables@735b478]" name="beforeClass" is-config="true" duration-ms="0" started-at="2016-03-03T14:24:39Z" finished-at="2016-03-03T14:24:39Z">
          <reporter-output>
          </reporter-output>
        </test-method> <!-- beforeClass -->
        <test-method status="PASS" signature="storeAndLoadInvalidUsers()[pri:0, instance:org.jpwh.test.simple.MappingEmbeddables@735b478]" name="storeAndLoadInvalidUsers" duration-ms="17" started-at="2016-03-03T14:24:40Z" finished-at="2016-03-03T14:24:40Z">
          <exception class="org.hibernate.exception.ConstraintViolationException">
            <message>
              <![CDATA[could not execute statement]]>
            </message>
            <full-stacktrace>
              <![CDATA[org.hibernate.exception.ConstraintViolationException: could not execute statement
	at org.hibernate.exception.internal.SQLStateConversionDelegate.convert(SQLStateConversionDelegate.java:112)
	at org.hibernate.exception.internal.StandardSQLExceptionConverter.convert(StandardSQLExceptionConverter.java:42)
	at org.hibernate.engine.jdbc.spi.SqlExceptionHelper.convert(SqlExceptionHelper.java:109)
	at org.hibernate.engine.jdbc.spi.SqlExceptionHelper.convert(SqlExceptionHelper.java:95)
	at org.hibernate.engine.jdbc.internal.ResultSetReturnImpl.executeUpdate(ResultSetReturnImpl.java:207)
	at org.hibernate.engine.jdbc.batch.internal.NonBatchingBatch.addToBatch(NonBatchingBatch.java:45)
	at org.hibernate.persister.entity.AbstractEntityPersister.insert(AbstractEntityPersister.java:2823)
	at org.hibernate.persister.entity.AbstractEntityPersister.insert(AbstractEntityPersister.java:3323)
	at org.hibernate.action.internal.EntityInsertAction.execute(EntityInsertAction.java:89)
	at org.hibernate.engine.spi.ActionQueue.executeActions(ActionQueue.java:447)
	at org.hibernate.engine.spi.ActionQueue.executeActions(ActionQueue.java:333)
	at org.hibernate.event.internal.AbstractFlushingEventListener.performExecutions(AbstractFlushingEventListener.java:335)
	at org.hibernate.event.internal.DefaultFlushEventListener.onFlush(DefaultFlushEventListener.java:39)
	at org.hibernate.internal.SessionImpl.flush(SessionImpl.java:1224)
	at org.hibernate.jpa.spi.AbstractEntityManagerImpl.flush(AbstractEntityManagerImpl.java:1300)
	at org.jpwh.test.simple.MappingEmbeddables.storeAndLoadInvalidUsers(MappingEmbeddables.java:73)
	at sun.reflect.NativeMethodAccessorImpl.invoke0(Native Method)
	at sun.reflect.NativeMethodAccessorImpl.invoke(NativeMethodAccessorImpl.java:62)
	at sun.reflect.DelegatingMethodAccessorImpl.invoke(DelegatingMethodAccessorImpl.java:43)
	at java.lang.reflect.Method.invoke(Method.java:497)
	at org.testng.internal.MethodInvocationHelper.invokeMethod(MethodInvocationHelper.java:84)
	at org.testng.internal.Invoker.invokeMethod(Invoker.java:714)
	at org.testng.internal.Invoker.invokeTestMethod(Invoker.java:901)
	at org.testng.internal.Invoker.invokeTestMethods(Invoker.java:1231)
	at org.testng.internal.TestMethodWorker.invokeTestMethods(TestMethodWorker.java:127)
	at org.testng.internal.TestMethodWorker.run(TestMethodWorker.java:111)
	at org.testng.TestRunner.privateRun(TestRunner.java:767)
	at org.testng.TestRunner.run(TestRunner.java:617)
	at org.testng.SuiteRunner.runTest(SuiteRunner.java:334)
	at org.testng.SuiteRunner.runSequentially(SuiteRunner.java:329)
	at org.testng.SuiteRunner.privateRun(SuiteRunner.java:291)
	at org.testng.SuiteRunner.run(SuiteRunner.java:240)
	at org.testng.SuiteRunnerWorker.runSuite(SuiteRunnerWorker.java:52)
	at org.testng.SuiteRunnerWorker.run(SuiteRunnerWorker.java:86)
	at org.testng.TestNG.runSuitesSequentially(TestNG.java:1224)
	at org.testng.TestNG.runSuitesLocally(TestNG.java:1149)
	at org.testng.TestNG.run(TestNG.java:1057)
	at org.apache.maven.surefire.testng.TestNGExecutor.run(TestNGExecutor.java:122)
	at org.apache.maven.surefire.testng.TestNGXmlTestSuite.execute(TestNGXmlTestSuite.java:92)
	at org.apache.maven.surefire.testng.TestNGProvider.invoke(TestNGProvider.java:101)
	at sun.reflect.NativeMethodAccessorImpl.invoke0(Native Method)
	at sun.reflect.NativeMethodAccessorImpl.invoke(NativeMethodAccessorImpl.java:62)
	at sun.reflect.DelegatingMethodAccessorImpl.invoke(DelegatingMethodAccessorImpl.java:43)
	at java.lang.reflect.Method.invoke(Method.java:497)
	at org.apache.maven.surefire.util.ReflectionUtils.invokeMethodWithArray(ReflectionUtils.java:164)
	at org.apache.maven.surefire.booter.ProviderFactory$ProviderProxy.invoke(ProviderFactory.java:110)
	at org.apache.maven.surefire.booter.SurefireStarter.invokeProvider(SurefireStarter.java:172)
	at org.apache.maven.surefire.booter.SurefireStarter.runSuitesInProcessWhenForked(SurefireStarter.java:104)
	at org.apache.maven.surefire.booter.ForkedBooter.main(ForkedBooter.java:70)
Caused by: org.h2.jdbc.JdbcSQLException: NULL not allowed for column "CITY"; SQL statement:
/* insert org.jpwh.model.simple.User */ insert into USERS (BILLING_CITY, BILLING_STREET, BILLING_ZIPCODE, city, street, zipcode, username, id) values (?, ?, ?, ?, ?, ?, ?, ?) [23502-171]
	at org.h2.message.DbException.getJdbcSQLException(DbException.java:329)
	at org.h2.message.DbException.get(DbException.java:169)
	at org.h2.message.DbException.get(DbException.java:146)
	at org.h2.table.Column.validateConvertUpdateSequence(Column.java:293)
	at org.h2.table.Table.validateConvertUpdateSequence(Table.java:692)
	at org.h2.command.dml.Insert.insertRows(Insert.java:120)
	at org.h2.command.dml.Insert.update(Insert.java:84)
	at org.h2.command.CommandContainer.update(CommandContainer.java:75)
	at org.h2.command.Command.executeUpdate(Command.java:230)
	at org.h2.jdbc.JdbcPreparedStatement.executeUpdateInternal(JdbcPreparedStatement.java:156)
	at org.h2.jdbc.JdbcPreparedStatement.executeUpdate(JdbcPreparedStatement.java:142)
	at sun.reflect.GeneratedMethodAccessor45.invoke(Unknown Source)
	at sun.reflect.DelegatingMethodAccessorImpl.invoke(DelegatingMethodAccessorImpl.java:43)
	at java.lang.reflect.Method.invoke(Method.java:497)
	at bitronix.tm.resource.jdbc.BaseProxyHandlerClass.invoke(BaseProxyHandlerClass.java:64)
	at com.sun.proxy.$Proxy18.executeUpdate(Unknown Source)
	at org.hibernate.engine.jdbc.internal.ResultSetReturnImpl.executeUpdate(ResultSetReturnImpl.java:204)
	... 44 more
]]>
            </full-stacktrace>
          </exception> <!-- org.hibernate.exception.ConstraintViolationException -->
          <reporter-output>
          </reporter-output>
        </test-method> <!-- storeAndLoadInvalidUsers -->
        <test-method status="PASS" signature="afterMethod()[pri:0, instance:org.jpwh.test.simple.MappingEmbeddables@735b478]" name="afterMethod" is-config="true" duration-ms="118" started-at="2016-03-03T14:24:40Z" finished-at="2016-03-03T14:24:40Z">
          <reporter-output>
          </reporter-output>
        </test-method> <!-- afterMethod -->
        <test-method status="PASS" signature="beforeMethod()[pri:0, instance:org.jpwh.test.simple.MappingEmbeddables@735b478]" name="beforeMethod" is-config="true" duration-ms="392" started-at="2016-03-03T14:24:40Z" finished-at="2016-03-03T14:24:40Z">
          <reporter-output>
          </reporter-output>
        </test-method> <!-- beforeMethod -->
        <test-method status="PASS" signature="storeAndLoadUsers()[pri:0, instance:org.jpwh.test.simple.MappingEmbeddables@735b478]" name="storeAndLoadUsers" duration-ms="5" started-at="2016-03-03T14:24:40Z" finished-at="2016-03-03T14:24:40Z">
          <reporter-output>
          </reporter-output>
        </test-method> <!-- storeAndLoadUsers -->
        <test-method status="PASS" signature="afterMethod()[pri:0, instance:org.jpwh.test.simple.MappingEmbeddables@735b478]" name="afterMethod" is-config="true" duration-ms="116" started-at="2016-03-03T14:24:40Z" finished-at="2016-03-03T14:24:40Z">
          <reporter-output>
          </reporter-output>
        </test-method> <!-- afterMethod -->
      </class> <!-- org.jpwh.test.simple.MappingEmbeddables -->
    </test> <!-- Simple Mappings -->
    <test name="Inheritance Mappings" duration-ms="16280" started-at="2016-03-03T03:54:41Z" finished-at="2016-03-03T03:54:57Z">
      <class name="org.jpwh.test.inheritance.Joined">
        <test-method status="PASS" signature="beforeClass()[pri:0, instance:org.jpwh.test.inheritance.Joined@2669b199]" name="beforeClass" is-config="true" duration-ms="1" started-at="2016-03-03T14:24:42Z" finished-at="2016-03-03T14:24:42Z">
          <reporter-output>
          </reporter-output>
        </test-method> <!-- beforeClass -->
        <test-method status="PASS" signature="beforeMethod()[pri:0, instance:org.jpwh.test.inheritance.Joined@2669b199]" name="beforeMethod" is-config="true" duration-ms="344" started-at="2016-03-03T14:24:42Z" finished-at="2016-03-03T14:24:42Z">
          <reporter-output>
          </reporter-output>
        </test-method> <!-- beforeMethod -->
        <test-method status="PASS" signature="storeBillingDetailsLoadCreditCards()[pri:0, instance:org.jpwh.test.inheritance.Joined@2669b199]" name="storeBillingDetailsLoadCreditCards" duration-ms="11" started-at="2016-03-03T14:24:42Z" finished-at="2016-03-03T14:24:42Z">
          <reporter-output>
          </reporter-output>
        </test-method> <!-- storeBillingDetailsLoadCreditCards -->
        <test-method status="PASS" signature="afterMethod()[pri:0, instance:org.jpwh.test.inheritance.Joined@2669b199]" name="afterMethod" is-config="true" duration-ms="109" started-at="2016-03-03T14:24:42Z" finished-at="2016-03-03T14:24:42Z">
          <reporter-output>
          </reporter-output>
        </test-method> <!-- afterMethod -->
        <test-method status="PASS" signature="beforeMethod()[pri:0, instance:org.jpwh.test.inheritance.Joined@2669b199]" name="beforeMethod" is-config="true" duration-ms="331" started-at="2016-03-03T14:24:42Z" finished-at="2016-03-03T14:24:42Z">
          <reporter-output>
          </reporter-output>
        </test-method> <!-- beforeMethod -->
        <test-method status="PASS" signature="jdbcBillingDetailsSqlQuery()[pri:0, instance:org.jpwh.test.inheritance.Joined@2669b199]" name="jdbcBillingDetailsSqlQuery" duration-ms="13" started-at="2016-03-03T14:24:42Z" finished-at="2016-03-03T14:24:42Z">
          <reporter-output>
          </reporter-output>
        </test-method> <!-- jdbcBillingDetailsSqlQuery -->
        <test-method status="PASS" signature="afterMethod()[pri:0, instance:org.jpwh.test.inheritance.Joined@2669b199]" name="afterMethod" is-config="true" duration-ms="112" started-at="2016-03-03T14:24:42Z" finished-at="2016-03-03T14:24:43Z">
          <reporter-output>
          </reporter-output>
        </test-method> <!-- afterMethod -->
        <test-method status="PASS" signature="beforeMethod()[pri:0, instance:org.jpwh.test.inheritance.Joined@2669b199]" name="beforeMethod" is-config="true" duration-ms="356" started-at="2016-03-03T14:24:43Z" finished-at="2016-03-03T14:24:43Z">
          <reporter-output>
          </reporter-output>
        </test-method> <!-- beforeMethod -->
        <test-method status="PASS" signature="jdbcCreditCardSqlQuery()[pri:0, instance:org.jpwh.test.inheritance.Joined@2669b199]" name="jdbcCreditCardSqlQuery" duration-ms="18" started-at="2016-03-03T14:24:43Z" finished-at="2016-03-03T14:24:43Z">
          <reporter-output>
          </reporter-output>
        </test-method> <!-- jdbcCreditCardSqlQuery -->
        <test-method status="PASS" signature="afterMethod()[pri:0, instance:org.jpwh.test.inheritance.Joined@2669b199]" name="afterMethod" is-config="true" duration-ms="126" started-at="2016-03-03T14:24:43Z" finished-at="2016-03-03T14:24:43Z">
          <reporter-output>
          </reporter-output>
        </test-method> <!-- afterMethod -->
        <test-method status="PASS" signature="beforeMethod()[pri:0, instance:org.jpwh.test.inheritance.Joined@2669b199]" name="beforeMethod" is-config="true" duration-ms="399" started-at="2016-03-03T14:24:43Z" finished-at="2016-03-03T14:24:43Z">
          <reporter-output>
          </reporter-output>
        </test-method> <!-- beforeMethod -->
        <test-method status="PASS" signature="storeLoadBillingDetails()[pri:0, instance:org.jpwh.test.inheritance.Joined@2669b199]" name="storeLoadBillingDetails" duration-ms="12" started-at="2016-03-03T14:24:43Z" finished-at="2016-03-03T14:24:44Z">
          <reporter-output>
          </reporter-output>
        </test-method> <!-- storeLoadBillingDetails -->
        <test-method status="PASS" signature="afterMethod()[pri:0, instance:org.jpwh.test.inheritance.Joined@2669b199]" name="afterMethod" is-config="true" duration-ms="139" started-at="2016-03-03T14:24:44Z" finished-at="2016-03-03T14:24:44Z">
          <reporter-output>
          </reporter-output>
        </test-method> <!-- afterMethod -->
      </class> <!-- org.jpwh.test.inheritance.Joined -->
      <class name="org.jpwh.test.inheritance.Embeddable">
        <test-method status="PASS" signature="beforeClass()[pri:0, instance:org.jpwh.test.inheritance.Embeddable@458ad742]" name="beforeClass" is-config="true" duration-ms="0" started-at="2016-03-03T14:24:41Z" finished-at="2016-03-03T14:24:41Z">
          <reporter-output>
          </reporter-output>
        </test-method> <!-- beforeClass -->
        <test-method status="PASS" signature="beforeMethod()[pri:0, instance:org.jpwh.test.inheritance.Embeddable@458ad742]" name="beforeMethod" is-config="true" duration-ms="372" started-at="2016-03-03T14:24:41Z" finished-at="2016-03-03T14:24:42Z">
          <reporter-output>
          </reporter-output>
        </test-method> <!-- beforeMethod -->
        <test-method status="PASS" signature="storeAndLoad()[pri:0, instance:org.jpwh.test.inheritance.Embeddable@458ad742]" name="storeAndLoad" duration-ms="13" started-at="2016-03-03T14:24:42Z" finished-at="2016-03-03T14:24:42Z">
          <reporter-output>
          </reporter-output>
        </test-method> <!-- storeAndLoad -->
        <test-method status="PASS" signature="afterMethod()[pri:0, instance:org.jpwh.test.inheritance.Embeddable@458ad742]" name="afterMethod" is-config="true" duration-ms="105" started-at="2016-03-03T14:24:42Z" finished-at="2016-03-03T14:24:42Z">
          <reporter-output>
          </reporter-output>
        </test-method> <!-- afterMethod -->
      </class> <!-- org.jpwh.test.inheritance.Embeddable -->
      <class name="org.jpwh.test.inheritance.TablePerClass">
        <test-method status="PASS" signature="beforeMethod()[pri:0, instance:org.jpwh.test.inheritance.TablePerClass@4590c9c3]" name="beforeMethod" is-config="true" duration-ms="360" started-at="2016-03-03T14:24:56Z" finished-at="2016-03-03T14:24:56Z">
          <reporter-output>
          </reporter-output>
        </test-method> <!-- beforeMethod -->
        <test-method status="PASS" signature="beforeClass()[pri:0, instance:org.jpwh.test.inheritance.TablePerClass@4590c9c3]" name="beforeClass" is-config="true" duration-ms="0" started-at="2016-03-03T14:24:56Z" finished-at="2016-03-03T14:24:56Z">
          <reporter-output>
          </reporter-output>
        </test-method> <!-- beforeClass -->
        <test-method status="PASS" signature="storeBillingDetailsLoadCreditCards()[pri:0, instance:org.jpwh.test.inheritance.TablePerClass@4590c9c3]" name="storeBillingDetailsLoadCreditCards" duration-ms="8" started-at="2016-03-03T14:24:56Z" finished-at="2016-03-03T14:24:57Z">
          <reporter-output>
          </reporter-output>
        </test-method> <!-- storeBillingDetailsLoadCreditCards -->
        <test-method status="PASS" signature="afterMethod()[pri:0, instance:org.jpwh.test.inheritance.TablePerClass@4590c9c3]" name="afterMethod" is-config="true" duration-ms="104" started-at="2016-03-03T14:24:57Z" finished-at="2016-03-03T14:24:57Z">
          <reporter-output>
          </reporter-output>
        </test-method> <!-- afterMethod -->
        <test-method status="PASS" signature="beforeMethod()[pri:0, instance:org.jpwh.test.inheritance.TablePerClass@4590c9c3]" name="beforeMethod" is-config="true" duration-ms="276" started-at="2016-03-03T14:24:57Z" finished-at="2016-03-03T14:24:57Z">
          <reporter-output>
          </reporter-output>
        </test-method> <!-- beforeMethod -->
        <test-method status="PASS" signature="jdbcBillingDetailsSqlQuery()[pri:0, instance:org.jpwh.test.inheritance.TablePerClass@4590c9c3]" name="jdbcBillingDetailsSqlQuery" duration-ms="11" started-at="2016-03-03T14:24:57Z" finished-at="2016-03-03T14:24:57Z">
          <reporter-output>
          </reporter-output>
        </test-method> <!-- jdbcBillingDetailsSqlQuery -->
        <test-method status="PASS" signature="afterMethod()[pri:0, instance:org.jpwh.test.inheritance.TablePerClass@4590c9c3]" name="afterMethod" is-config="true" duration-ms="140" started-at="2016-03-03T14:24:57Z" finished-at="2016-03-03T14:24:57Z">
          <reporter-output>
          </reporter-output>
        </test-method> <!-- afterMethod -->
        <test-method status="PASS" signature="beforeMethod()[pri:0, instance:org.jpwh.test.inheritance.TablePerClass@4590c9c3]" name="beforeMethod" is-config="true" duration-ms="315" started-at="2016-03-03T14:24:57Z" finished-at="2016-03-03T14:24:57Z">
          <reporter-output>
          </reporter-output>
        </test-method> <!-- beforeMethod -->
        <test-method status="PASS" signature="storeLoadBillingDetails()[pri:0, instance:org.jpwh.test.inheritance.TablePerClass@4590c9c3]" name="storeLoadBillingDetails" duration-ms="11" started-at="2016-03-03T14:24:57Z" finished-at="2016-03-03T14:24:57Z">
          <reporter-output>
          </reporter-output>
        </test-method> <!-- storeLoadBillingDetails -->
        <test-method status="PASS" signature="afterMethod()[pri:0, instance:org.jpwh.test.inheritance.TablePerClass@4590c9c3]" name="afterMethod" is-config="true" duration-ms="102" started-at="2016-03-03T14:24:57Z" finished-at="2016-03-03T14:24:57Z">
          <reporter-output>
          </reporter-output>
        </test-method> <!-- afterMethod -->
      </class> <!-- org.jpwh.test.inheritance.TablePerClass -->
      <class name="org.jpwh.test.inheritance.PolymorphicOneToMany">
        <test-method status="PASS" signature="beforeMethod()[pri:0, instance:org.jpwh.test.inheritance.PolymorphicOneToMany@5056dfcb]" name="beforeMethod" is-config="true" duration-ms="396" started-at="2016-03-03T14:24:54Z" finished-at="2016-03-03T14:24:54Z">
          <reporter-output>
          </reporter-output>
        </test-method> <!-- beforeMethod -->
        <test-method status="PASS" signature="beforeClass()[pri:0, instance:org.jpwh.test.inheritance.PolymorphicOneToMany@5056dfcb]" name="beforeClass" is-config="true" duration-ms="0" started-at="2016-03-03T14:24:54Z" finished-at="2016-03-03T14:24:54Z">
          <reporter-output>
          </reporter-output>
        </test-method> <!-- beforeClass -->
        <test-method status="PASS" signature="storeAndLoadItemBids()[pri:0, instance:org.jpwh.test.inheritance.PolymorphicOneToMany@5056dfcb]" name="storeAndLoadItemBids" duration-ms="47" started-at="2016-03-03T14:24:54Z" finished-at="2016-03-03T14:24:54Z">
          <reporter-output>
          </reporter-output>
        </test-method> <!-- storeAndLoadItemBids -->
        <test-method status="PASS" signature="afterMethod()[pri:0, instance:org.jpwh.test.inheritance.PolymorphicOneToMany@5056dfcb]" name="afterMethod" is-config="true" duration-ms="112" started-at="2016-03-03T14:24:54Z" finished-at="2016-03-03T14:24:54Z">
          <reporter-output>
          </reporter-output>
        </test-method> <!-- afterMethod -->
      </class> <!-- org.jpwh.test.inheritance.PolymorphicOneToMany -->
      <class name="org.jpwh.test.inheritance.MixedFetchSelect">
        <test-method status="PASS" signature="beforeMethod()[pri:0, instance:org.jpwh.test.inheritance.MixedFetchSelect@5afa04c]" name="beforeMethod" is-config="true" duration-ms="1507" started-at="2016-03-03T14:24:48Z" finished-at="2016-03-03T14:24:49Z">
          <reporter-output>
          </reporter-output>
        </test-method> <!-- beforeMethod -->
        <test-method status="PASS" signature="beforeClass()[pri:0, instance:org.jpwh.test.inheritance.MixedFetchSelect@5afa04c]" name="beforeClass" is-config="true" duration-ms="0" started-at="2016-03-03T14:24:48Z" finished-at="2016-03-03T14:24:48Z">
          <reporter-output>
          </reporter-output>
        </test-method> <!-- beforeClass -->
        <test-method status="PASS" signature="storeBillingDetailsLoadCreditCards()[pri:0, instance:org.jpwh.test.inheritance.MixedFetchSelect@5afa04c]" name="storeBillingDetailsLoadCreditCards" duration-ms="9" started-at="2016-03-03T14:24:49Z" finished-at="2016-03-03T14:24:49Z">
          <reporter-output>
          </reporter-output>
        </test-method> <!-- storeBillingDetailsLoadCreditCards -->
        <test-method status="PASS" signature="afterMethod()[pri:0, instance:org.jpwh.test.inheritance.MixedFetchSelect@5afa04c]" name="afterMethod" is-config="true" duration-ms="422" started-at="2016-03-03T14:24:49Z" finished-at="2016-03-03T14:24:50Z">
          <reporter-output>
          </reporter-output>
        </test-method> <!-- afterMethod -->
        <test-method status="PASS" signature="beforeMethod()[pri:0, instance:org.jpwh.test.inheritance.MixedFetchSelect@5afa04c]" name="beforeMethod" is-config="true" duration-ms="1262" started-at="2016-03-03T14:24:50Z" finished-at="2016-03-03T14:24:51Z">
          <reporter-output>
          </reporter-output>
        </test-method> <!-- beforeMethod -->
        <test-method status="PASS" signature="jdbcBillingDetailsSqlQuery()[pri:0, instance:org.jpwh.test.inheritance.MixedFetchSelect@5afa04c]" name="jdbcBillingDetailsSqlQuery" duration-ms="10" started-at="2016-03-03T14:24:51Z" finished-at="2016-03-03T14:24:51Z">
          <reporter-output>
          </reporter-output>
        </test-method> <!-- jdbcBillingDetailsSqlQuery -->
        <test-method status="PASS" signature="afterMethod()[pri:0, instance:org.jpwh.test.inheritance.MixedFetchSelect@5afa04c]" name="afterMethod" is-config="true" duration-ms="483" started-at="2016-03-03T14:24:51Z" finished-at="2016-03-03T14:24:51Z">
          <reporter-output>
          </reporter-output>
        </test-method> <!-- afterMethod -->
        <test-method status="PASS" signature="beforeMethod()[pri:0, instance:org.jpwh.test.inheritance.MixedFetchSelect@5afa04c]" name="beforeMethod" is-config="true" duration-ms="1417" started-at="2016-03-03T14:24:51Z" finished-at="2016-03-03T14:24:53Z">
          <reporter-output>
          </reporter-output>
        </test-method> <!-- beforeMethod -->
        <test-method status="PASS" signature="storeLoadBillingDetails()[pri:0, instance:org.jpwh.test.inheritance.MixedFetchSelect@5afa04c]" name="storeLoadBillingDetails" duration-ms="14" started-at="2016-03-03T14:24:53Z" finished-at="2016-03-03T14:24:53Z">
          <reporter-output>
          </reporter-output>
        </test-method> <!-- storeLoadBillingDetails -->
        <test-method status="PASS" signature="afterMethod()[pri:0, instance:org.jpwh.test.inheritance.MixedFetchSelect@5afa04c]" name="afterMethod" is-config="true" duration-ms="533" started-at="2016-03-03T14:24:53Z" finished-at="2016-03-03T14:24:53Z">
          <reporter-output>
          </reporter-output>
        </test-method> <!-- afterMethod -->
      </class> <!-- org.jpwh.test.inheritance.MixedFetchSelect -->
      <class name="org.jpwh.test.inheritance.MappedSuperclass">
        <test-method status="PASS" signature="beforeClass()[pri:0, instance:org.jpwh.test.inheritance.MappedSuperclass@6ea12c19]" name="beforeClass" is-config="true" duration-ms="0" started-at="2016-03-03T14:24:44Z" finished-at="2016-03-03T14:24:44Z">
          <reporter-output>
          </reporter-output>
        </test-method> <!-- beforeClass -->
        <test-method status="PASS" signature="beforeMethod()[pri:0, instance:org.jpwh.test.inheritance.MappedSuperclass@6ea12c19]" name="beforeMethod" is-config="true" duration-ms="367" started-at="2016-03-03T14:24:44Z" finished-at="2016-03-03T14:24:44Z">
          <reporter-output>
          </reporter-output>
        </test-method> <!-- beforeMethod -->
        <test-method status="PASS" signature="storeBillingDetailsLoadCreditCards()[pri:0, instance:org.jpwh.test.inheritance.MappedSuperclass@6ea12c19]" name="storeBillingDetailsLoadCreditCards" duration-ms="9" started-at="2016-03-03T14:24:44Z" finished-at="2016-03-03T14:24:44Z">
          <reporter-output>
          </reporter-output>
        </test-method> <!-- storeBillingDetailsLoadCreditCards -->
        <test-method status="PASS" signature="afterMethod()[pri:0, instance:org.jpwh.test.inheritance.MappedSuperclass@6ea12c19]" name="afterMethod" is-config="true" duration-ms="103" started-at="2016-03-03T14:24:44Z" finished-at="2016-03-03T14:24:44Z">
          <reporter-output>
          </reporter-output>
        </test-method> <!-- afterMethod -->
        <test-method status="PASS" signature="beforeMethod()[pri:0, instance:org.jpwh.test.inheritance.MappedSuperclass@6ea12c19]" name="beforeMethod" is-config="true" duration-ms="312" started-at="2016-03-03T14:24:44Z" finished-at="2016-03-03T14:24:44Z">
          <reporter-output>
          </reporter-output>
        </test-method> <!-- beforeMethod -->
        <test-method status="PASS" signature="jdbcSqlQueryBankAccount()[pri:0, instance:org.jpwh.test.inheritance.MappedSuperclass@6ea12c19]" name="jdbcSqlQueryBankAccount" duration-ms="12" started-at="2016-03-03T14:24:44Z" finished-at="2016-03-03T14:24:44Z">
          <reporter-output>
          </reporter-output>
        </test-method> <!-- jdbcSqlQueryBankAccount -->
        <test-method status="PASS" signature="afterMethod()[pri:0, instance:org.jpwh.test.inheritance.MappedSuperclass@6ea12c19]" name="afterMethod" is-config="true" duration-ms="116" started-at="2016-03-03T14:24:44Z" finished-at="2016-03-03T14:24:45Z">
          <reporter-output>
          </reporter-output>
        </test-method> <!-- afterMethod -->
        <test-method status="PASS" signature="beforeMethod()[pri:0, instance:org.jpwh.test.inheritance.MappedSuperclass@6ea12c19]" name="beforeMethod" is-config="true" duration-ms="287" started-at="2016-03-03T14:24:45Z" finished-at="2016-03-03T14:24:45Z">
          <reporter-output>
          </reporter-output>
        </test-method> <!-- beforeMethod -->
        <test-method status="PASS" signature="jdbcSqlQueryCreditCard()[pri:0, instance:org.jpwh.test.inheritance.MappedSuperclass@6ea12c19]" name="jdbcSqlQueryCreditCard" duration-ms="10" started-at="2016-03-03T14:24:45Z" finished-at="2016-03-03T14:24:45Z">
          <reporter-output>
          </reporter-output>
        </test-method> <!-- jdbcSqlQueryCreditCard -->
        <test-method status="PASS" signature="afterMethod()[pri:0, instance:org.jpwh.test.inheritance.MappedSuperclass@6ea12c19]" name="afterMethod" is-config="true" duration-ms="94" started-at="2016-03-03T14:24:45Z" finished-at="2016-03-03T14:24:45Z">
          <reporter-output>
          </reporter-output>
        </test-method> <!-- afterMethod -->
        <test-method status="PASS" signature="beforeMethod()[pri:0, instance:org.jpwh.test.inheritance.MappedSuperclass@6ea12c19]" name="beforeMethod" is-config="true" duration-ms="286" started-at="2016-03-03T14:24:45Z" finished-at="2016-03-03T14:24:45Z">
          <reporter-output>
          </reporter-output>
        </test-method> <!-- beforeMethod -->
        <test-method status="PASS" signature="storeLoadBillingDetails()[pri:0, instance:org.jpwh.test.inheritance.MappedSuperclass@6ea12c19]" name="storeLoadBillingDetails" duration-ms="8" started-at="2016-03-03T14:24:45Z" finished-at="2016-03-03T14:24:45Z">
          <reporter-output>
          </reporter-output>
        </test-method> <!-- storeLoadBillingDetails -->
        <test-method status="PASS" signature="afterMethod()[pri:0, instance:org.jpwh.test.inheritance.MappedSuperclass@6ea12c19]" name="afterMethod" is-config="true" duration-ms="98" started-at="2016-03-03T14:24:45Z" finished-at="2016-03-03T14:24:45Z">
          <reporter-output>
          </reporter-output>
        </test-method> <!-- afterMethod -->
      </class> <!-- org.jpwh.test.inheritance.MappedSuperclass -->
      <class name="org.jpwh.test.inheritance.Mixed">
        <test-method status="PASS" signature="beforeMethod()[pri:0, instance:org.jpwh.test.inheritance.Mixed@2344fc66]" name="beforeMethod" is-config="true" duration-ms="307" started-at="2016-03-03T14:24:45Z" finished-at="2016-03-03T14:24:46Z">
          <reporter-output>
          </reporter-output>
        </test-method> <!-- beforeMethod -->
        <test-method status="PASS" signature="beforeClass()[pri:0, instance:org.jpwh.test.inheritance.Mixed@2344fc66]" name="beforeClass" is-config="true" duration-ms="0" started-at="2016-03-03T14:24:45Z" finished-at="2016-03-03T14:24:45Z">
          <reporter-output>
          </reporter-output>
        </test-method> <!-- beforeClass -->
        <test-method status="PASS" signature="storeBillingDetailsLoadCreditCards()[pri:0, instance:org.jpwh.test.inheritance.Mixed@2344fc66]" name="storeBillingDetailsLoadCreditCards" duration-ms="8" started-at="2016-03-03T14:24:46Z" finished-at="2016-03-03T14:24:46Z">
          <reporter-output>
          </reporter-output>
        </test-method> <!-- storeBillingDetailsLoadCreditCards -->
        <test-method status="PASS" signature="afterMethod()[pri:0, instance:org.jpwh.test.inheritance.Mixed@2344fc66]" name="afterMethod" is-config="true" duration-ms="97" started-at="2016-03-03T14:24:46Z" finished-at="2016-03-03T14:24:46Z">
          <reporter-output>
          </reporter-output>
        </test-method> <!-- afterMethod -->
        <test-method status="PASS" signature="beforeMethod()[pri:0, instance:org.jpwh.test.inheritance.Mixed@2344fc66]" name="beforeMethod" is-config="true" duration-ms="357" started-at="2016-03-03T14:24:46Z" finished-at="2016-03-03T14:24:46Z">
          <reporter-output>
          </reporter-output>
        </test-method> <!-- beforeMethod -->
        <test-method status="PASS" signature="jdbcBillingDetailsSqlQuery()[pri:0, instance:org.jpwh.test.inheritance.Mixed@2344fc66]" name="jdbcBillingDetailsSqlQuery" duration-ms="11" started-at="2016-03-03T14:24:46Z" finished-at="2016-03-03T14:24:46Z">
          <reporter-output>
          </reporter-output>
        </test-method> <!-- jdbcBillingDetailsSqlQuery -->
        <test-method status="PASS" signature="afterMethod()[pri:0, instance:org.jpwh.test.inheritance.Mixed@2344fc66]" name="afterMethod" is-config="true" duration-ms="232" started-at="2016-03-03T14:24:46Z" finished-at="2016-03-03T14:24:46Z">
          <reporter-output>
          </reporter-output>
        </test-method> <!-- afterMethod -->
        <test-method status="PASS" signature="beforeMethod()[pri:0, instance:org.jpwh.test.inheritance.Mixed@2344fc66]" name="beforeMethod" is-config="true" duration-ms="705" started-at="2016-03-03T14:24:46Z" finished-at="2016-03-03T14:24:47Z">
          <reporter-output>
          </reporter-output>
        </test-method> <!-- beforeMethod -->
        <test-method status="PASS" signature="storeLoadBillingDetails()[pri:0, instance:org.jpwh.test.inheritance.Mixed@2344fc66]" name="storeLoadBillingDetails" duration-ms="31" started-at="2016-03-03T14:24:47Z" finished-at="2016-03-03T14:24:47Z">
          <reporter-output>
          </reporter-output>
        </test-method> <!-- storeLoadBillingDetails -->
        <test-method status="PASS" signature="afterMethod()[pri:0, instance:org.jpwh.test.inheritance.Mixed@2344fc66]" name="afterMethod" is-config="true" duration-ms="597" started-at="2016-03-03T14:24:47Z" finished-at="2016-03-03T14:24:48Z">
          <reporter-output>
          </reporter-output>
        </test-method> <!-- afterMethod -->
      </class> <!-- org.jpwh.test.inheritance.Mixed -->
      <class name="org.jpwh.test.inheritance.PolymorphicManyToOne">
        <test-method status="PASS" signature="beforeClass()[pri:0, instance:org.jpwh.test.inheritance.PolymorphicManyToOne@32e6e9c3]" name="beforeClass" is-config="true" duration-ms="0" started-at="2016-03-03T14:24:53Z" finished-at="2016-03-03T14:24:53Z">
          <reporter-output>
          </reporter-output>
        </test-method> <!-- beforeClass -->
        <test-method status="PASS" signature="beforeMethod()[pri:0, instance:org.jpwh.test.inheritance.PolymorphicManyToOne@32e6e9c3]" name="beforeMethod" is-config="true" duration-ms="328" started-at="2016-03-03T14:24:53Z" finished-at="2016-03-03T14:24:54Z">
          <reporter-output>
          </reporter-output>
        </test-method> <!-- beforeMethod -->
        <test-method status="PASS" signature="storeAndLoadItemBids()[pri:0, instance:org.jpwh.test.inheritance.PolymorphicManyToOne@32e6e9c3]" name="storeAndLoadItemBids" duration-ms="24" started-at="2016-03-03T14:24:54Z" finished-at="2016-03-03T14:24:54Z">
          <reporter-output>
          </reporter-output>
        </test-method> <!-- storeAndLoadItemBids -->
        <test-method status="PASS" signature="afterMethod()[pri:0, instance:org.jpwh.test.inheritance.PolymorphicManyToOne@32e6e9c3]" name="afterMethod" is-config="true" duration-ms="110" started-at="2016-03-03T14:24:54Z" finished-at="2016-03-03T14:24:54Z">
          <reporter-output>
          </reporter-output>
        </test-method> <!-- afterMethod -->
      </class> <!-- org.jpwh.test.inheritance.PolymorphicManyToOne -->
      <class name="org.jpwh.test.inheritance.SingleTable">
        <test-method status="PASS" signature="beforeClass()[pri:0, instance:org.jpwh.test.inheritance.SingleTable@6574b225]" name="beforeClass" is-config="true" duration-ms="1" started-at="2016-03-03T14:24:54Z" finished-at="2016-03-03T14:24:54Z">
          <reporter-output>
          </reporter-output>
        </test-method> <!-- beforeClass -->
        <test-method status="PASS" signature="beforeMethod()[pri:0, instance:org.jpwh.test.inheritance.SingleTable@6574b225]" name="beforeMethod" is-config="true" duration-ms="323" started-at="2016-03-03T14:24:54Z" finished-at="2016-03-03T14:24:55Z">
          <reporter-output>
          </reporter-output>
        </test-method> <!-- beforeMethod -->
        <test-method status="PASS" signature="storeBillingDetailsLoadCreditCards()[pri:0, instance:org.jpwh.test.inheritance.SingleTable@6574b225]" name="storeBillingDetailsLoadCreditCards" duration-ms="10" started-at="2016-03-03T14:24:55Z" finished-at="2016-03-03T14:24:55Z">
          <reporter-output>
          </reporter-output>
        </test-method> <!-- storeBillingDetailsLoadCreditCards -->
        <test-method status="PASS" signature="afterMethod()[pri:0, instance:org.jpwh.test.inheritance.SingleTable@6574b225]" name="afterMethod" is-config="true" duration-ms="99" started-at="2016-03-03T14:24:55Z" finished-at="2016-03-03T14:24:55Z">
          <reporter-output>
          </reporter-output>
        </test-method> <!-- afterMethod -->
        <test-method status="PASS" signature="beforeMethod()[pri:0, instance:org.jpwh.test.inheritance.SingleTable@6574b225]" name="beforeMethod" is-config="true" duration-ms="290" started-at="2016-03-03T14:24:55Z" finished-at="2016-03-03T14:24:55Z">
          <reporter-output>
          </reporter-output>
        </test-method> <!-- beforeMethod -->
        <test-method status="PASS" signature="jdbcBillingDetailsSqlQuery()[pri:0, instance:org.jpwh.test.inheritance.SingleTable@6574b225]" name="jdbcBillingDetailsSqlQuery" duration-ms="10" started-at="2016-03-03T14:24:55Z" finished-at="2016-03-03T14:24:55Z">
          <reporter-output>
          </reporter-output>
        </test-method> <!-- jdbcBillingDetailsSqlQuery -->
        <test-method status="PASS" signature="afterMethod()[pri:0, instance:org.jpwh.test.inheritance.SingleTable@6574b225]" name="afterMethod" is-config="true" duration-ms="108" started-at="2016-03-03T14:24:55Z" finished-at="2016-03-03T14:24:55Z">
          <reporter-output>
          </reporter-output>
        </test-method> <!-- afterMethod -->
        <test-method status="PASS" signature="beforeMethod()[pri:0, instance:org.jpwh.test.inheritance.SingleTable@6574b225]" name="beforeMethod" is-config="true" duration-ms="331" started-at="2016-03-03T14:24:55Z" finished-at="2016-03-03T14:24:56Z">
          <reporter-output>
          </reporter-output>
        </test-method> <!-- beforeMethod -->
        <test-method status="PASS" signature="jdbcCreditCardSqlQuery()[pri:0, instance:org.jpwh.test.inheritance.SingleTable@6574b225]" name="jdbcCreditCardSqlQuery" duration-ms="12" started-at="2016-03-03T14:24:56Z" finished-at="2016-03-03T14:24:56Z">
          <reporter-output>
          </reporter-output>
        </test-method> <!-- jdbcCreditCardSqlQuery -->
        <test-method status="PASS" signature="afterMethod()[pri:0, instance:org.jpwh.test.inheritance.SingleTable@6574b225]" name="afterMethod" is-config="true" duration-ms="112" started-at="2016-03-03T14:24:56Z" finished-at="2016-03-03T14:24:56Z">
          <reporter-output>
          </reporter-output>
        </test-method> <!-- afterMethod -->
        <test-method status="PASS" signature="beforeMethod()[pri:0, instance:org.jpwh.test.inheritance.SingleTable@6574b225]" name="beforeMethod" is-config="true" duration-ms="349" started-at="2016-03-03T14:24:56Z" finished-at="2016-03-03T14:24:56Z">
          <reporter-output>
          </reporter-output>
        </test-method> <!-- beforeMethod -->
        <test-method status="PASS" signature="storeLoadBillingDetails()[pri:0, instance:org.jpwh.test.inheritance.SingleTable@6574b225]" name="storeLoadBillingDetails" duration-ms="10" started-at="2016-03-03T14:24:56Z" finished-at="2016-03-03T14:24:56Z">
          <reporter-output>
          </reporter-output>
        </test-method> <!-- storeLoadBillingDetails -->
        <test-method status="PASS" signature="afterMethod()[pri:0, instance:org.jpwh.test.inheritance.SingleTable@6574b225]" name="afterMethod" is-config="true" duration-ms="108" started-at="2016-03-03T14:24:56Z" finished-at="2016-03-03T14:24:56Z">
          <reporter-output>
          </reporter-output>
        </test-method> <!-- afterMethod -->
      </class> <!-- org.jpwh.test.inheritance.SingleTable -->
    </test> <!-- Inheritance Mappings -->
    <test name="Advanced Mappings" duration-ms="8168" started-at="2016-03-03T03:54:57Z" finished-at="2016-03-03T03:55:06Z">
      <class name="org.jpwh.test.advanced.GeneratedProperties">
        <test-method status="PASS" signature="beforeClass()[pri:0, instance:org.jpwh.test.advanced.GeneratedProperties@3a82f6ef]" name="beforeClass" is-config="true" duration-ms="0" started-at="2016-03-03T14:24:58Z" finished-at="2016-03-03T14:24:58Z">
          <reporter-output>
          </reporter-output>
        </test-method> <!-- beforeClass -->
        <test-method status="PASS" signature="beforeMethod()[pri:0, instance:org.jpwh.test.advanced.GeneratedProperties@3a82f6ef]" name="beforeMethod" is-config="true" duration-ms="406" started-at="2016-03-03T14:24:58Z" finished-at="2016-03-03T14:24:59Z">
          <reporter-output>
          </reporter-output>
        </test-method> <!-- beforeMethod -->
[...]
	at org.testng.SuiteRunner.run(SuiteRunner.java:240)
	at org.testng.SuiteRunnerWorker.runSuite(SuiteRunnerWorker.java:52)
	at org.testng.SuiteRunnerWorker.run(SuiteRunnerWorker.java:86)
	at org.testng.TestNG.runSuitesSequentially(TestNG.java:1224)
	at org.testng.TestNG.runSuitesLocally(TestNG.java:1149)
	at org.testng.TestNG.run(TestNG.java:1057)
	at org.apache.maven.surefire.testng.TestNGExecutor.run(TestNGExecutor.java:122)
	at org.apache.maven.surefire.testng.TestNGXmlTestSuite.execute(TestNGXmlTestSuite.java:92)
	at org.apache.maven.surefire.testng.TestNGProvider.invoke(TestNGProvider.java:101)
	at sun.reflect.NativeMethodAccessorImpl.invoke0(Native Method)
	at sun.reflect.NativeMethodAccessorImpl.invoke(NativeMethodAccessorImpl.java:62)
	at sun.reflect.DelegatingMethodAccessorImpl.invoke(DelegatingMethodAccessorImpl.java:43)
	at java.lang.reflect.Method.invoke(Method.java:497)
	at org.apache.maven.surefire.util.ReflectionUtils.invokeMethodWithArray(ReflectionUtils.java:164)
	at org.apache.maven.surefire.booter.ProviderFactory$ProviderProxy.invoke(ProviderFactory.java:110)
	at org.apache.maven.surefire.booter.SurefireStarter.invokeProvider(SurefireStarter.java:172)
	at org.apache.maven.surefire.booter.SurefireStarter.runSuitesInProcessWhenForked(SurefireStarter.java:104)
	at org.apache.maven.surefire.booter.ForkedBooter.main(ForkedBooter.java:70)
]]>
            </full-stacktrace>
          </exception> <!-- javax.persistence.EntityNotFoundException -->
          <reporter-output>
          </reporter-output>
        </test-method> <!-- bulkDelete -->
        <test-method status="PASS" signature="afterMethod()[pri:0, instance:org.jpwh.test.bulkbatch.BulkStatementsJPQL@50d0686]" name="afterMethod" is-config="true" duration-ms="198" started-at="2016-03-03T14:29:20Z" finished-at="2016-03-03T14:29:20Z">
          <reporter-output>
          </reporter-output>
        </test-method> <!-- afterMethod -->
        <test-method status="PASS" signature="beforeMethod()[pri:0, instance:org.jpwh.test.bulkbatch.BulkStatementsJPQL@50d0686]" name="beforeMethod" is-config="true" duration-ms="539" started-at="2016-03-03T14:29:20Z" finished-at="2016-03-03T14:29:20Z">
          <reporter-output>
          </reporter-output>
        </test-method> <!-- beforeMethod -->
        <test-method status="PASS" signature="bulkInsert()[pri:0, instance:org.jpwh.test.bulkbatch.BulkStatementsJPQL@50d0686]" name="bulkInsert" duration-ms="30" started-at="2016-03-03T14:29:20Z" finished-at="2016-03-03T14:29:20Z">
          <reporter-output>
          </reporter-output>
        </test-method> <!-- bulkInsert -->
        <test-method status="PASS" signature="afterMethod()[pri:0, instance:org.jpwh.test.bulkbatch.BulkStatementsJPQL@50d0686]" name="afterMethod" is-config="true" duration-ms="157" started-at="2016-03-03T14:29:20Z" finished-at="2016-03-03T14:29:21Z">
          <reporter-output>
          </reporter-output>
        </test-method> <!-- afterMethod -->
        <test-method status="PASS" signature="beforeMethod()[pri:0, instance:org.jpwh.test.bulkbatch.BulkStatementsJPQL@50d0686]" name="beforeMethod" is-config="true" duration-ms="558" started-at="2016-03-03T14:29:21Z" finished-at="2016-03-03T14:29:21Z">
          <reporter-output>
          </reporter-output>
        </test-method> <!-- beforeMethod -->
        <test-method status="PASS" signature="bulkUpdate()[pri:0, instance:org.jpwh.test.bulkbatch.BulkStatementsJPQL@50d0686]" name="bulkUpdate" duration-ms="13" started-at="2016-03-03T14:29:21Z" finished-at="2016-03-03T14:29:21Z">
          <reporter-output>
          </reporter-output>
        </test-method> <!-- bulkUpdate -->
        <test-method status="PASS" signature="afterMethod()[pri:0, instance:org.jpwh.test.bulkbatch.BulkStatementsJPQL@50d0686]" name="afterMethod" is-config="true" duration-ms="182" started-at="2016-03-03T14:29:21Z" finished-at="2016-03-03T14:29:21Z">
          <reporter-output>
          </reporter-output>
        </test-method> <!-- afterMethod -->
        <test-method status="PASS" signature="beforeMethod()[pri:0, instance:org.jpwh.test.bulkbatch.BulkStatementsJPQL@50d0686]" name="beforeMethod" is-config="true" duration-ms="377" started-at="2016-03-03T14:29:21Z" finished-at="2016-03-03T14:29:22Z">
          <reporter-output>
          </reporter-output>
        </test-method> <!-- beforeMethod -->
        <test-method status="PASS" signature="bulkUpdateInheritance()[pri:0, instance:org.jpwh.test.bulkbatch.BulkStatementsJPQL@50d0686]" name="bulkUpdateInheritance" duration-ms="29" started-at="2016-03-03T14:29:22Z" finished-at="2016-03-03T14:29:22Z">
          <reporter-output>
          </reporter-output>
        </test-method> <!-- bulkUpdateInheritance -->
        <test-method status="PASS" signature="afterMethod()[pri:0, instance:org.jpwh.test.bulkbatch.BulkStatementsJPQL@50d0686]" name="afterMethod" is-config="true" duration-ms="126" started-at="2016-03-03T14:29:22Z" finished-at="2016-03-03T14:29:22Z">
          <reporter-output>
          </reporter-output>
        </test-method> <!-- afterMethod -->
        <test-method status="PASS" signature="beforeMethod()[pri:0, instance:org.jpwh.test.bulkbatch.BulkStatementsJPQL@50d0686]" name="beforeMethod" is-config="true" duration-ms="292" started-at="2016-03-03T14:29:22Z" finished-at="2016-03-03T14:29:22Z">
          <reporter-output>
          </reporter-output>
        </test-method> <!-- beforeMethod -->
        <test-method status="PASS" signature="bulkUpdateVersioned()[pri:0, instance:org.jpwh.test.bulkbatch.BulkStatementsJPQL@50d0686]" name="bulkUpdateVersioned" duration-ms="11" started-at="2016-03-03T14:29:22Z" finished-at="2016-03-03T14:29:22Z">
          <reporter-output>
          </reporter-output>
        </test-method> <!-- bulkUpdateVersioned -->
        <test-method status="PASS" signature="afterMethod()[pri:0, instance:org.jpwh.test.bulkbatch.BulkStatementsJPQL@50d0686]" name="afterMethod" is-config="true" duration-ms="102" started-at="2016-03-03T14:29:22Z" finished-at="2016-03-03T14:29:22Z">
          <reporter-output>
          </reporter-output>
        </test-method> <!-- afterMethod -->
      </class> <!-- org.jpwh.test.bulkbatch.BulkStatementsJPQL -->
      <class name="org.jpwh.test.cache.SecondLevel">
        <test-method status="PASS" signature="beforeMethod()[pri:0, instance:org.jpwh.test.cache.SecondLevel@262b2c86]" name="beforeMethod" is-config="true" duration-ms="737" started-at="2016-03-03T14:29:14Z" finished-at="2016-03-03T14:29:15Z">
          <reporter-output>
          </reporter-output>
        </test-method> <!-- beforeMethod -->
        <test-method status="PASS" signature="beforeClass()[pri:0, instance:org.jpwh.test.cache.SecondLevel@262b2c86]" name="beforeClass" is-config="true" duration-ms="0" started-at="2016-03-03T14:29:14Z" finished-at="2016-03-03T14:29:14Z">
          <reporter-output>
          </reporter-output>
        </test-method> <!-- beforeClass -->
        <test-method status="PASS" signature="cacheBehavior()[pri:0, instance:org.jpwh.test.cache.SecondLevel@262b2c86]" name="cacheBehavior" duration-ms="90" started-at="2016-03-03T14:29:15Z" finished-at="2016-03-03T14:29:15Z">
          <reporter-output>
          </reporter-output>
        </test-method> <!-- cacheBehavior -->
        <test-method status="PASS" signature="afterMethod()[pri:0, instance:org.jpwh.test.cache.SecondLevel@262b2c86]" name="afterMethod" is-config="true" duration-ms="321" started-at="2016-03-03T14:29:15Z" finished-at="2016-03-03T14:29:15Z">
          <reporter-output>
          </reporter-output>
        </test-method> <!-- afterMethod -->
        <test-method status="PASS" signature="beforeMethod()[pri:0, instance:org.jpwh.test.cache.SecondLevel@262b2c86]" name="beforeMethod" is-config="true" duration-ms="373" started-at="2016-03-03T14:29:15Z" finished-at="2016-03-03T14:29:15Z">
          <reporter-output>
          </reporter-output>
        </test-method> <!-- beforeMethod -->
        <test-method status="PASS" signature="cacheControl()[pri:0, instance:org.jpwh.test.cache.SecondLevel@262b2c86]" name="cacheControl" duration-ms="22" started-at="2016-03-03T14:29:15Z" finished-at="2016-03-03T14:29:15Z">
          <reporter-output>
          </reporter-output>
        </test-method> <!-- cacheControl -->
        <test-method status="PASS" signature="afterMethod()[pri:0, instance:org.jpwh.test.cache.SecondLevel@262b2c86]" name="afterMethod" is-config="true" duration-ms="127" started-at="2016-03-03T14:29:15Z" finished-at="2016-03-03T14:29:16Z">
          <reporter-output>
          </reporter-output>
        </test-method> <!-- afterMethod -->
        <test-method status="PASS" signature="beforeMethod()[pri:0, instance:org.jpwh.test.cache.SecondLevel@262b2c86]" name="beforeMethod" is-config="true" duration-ms="486" started-at="2016-03-03T14:29:16Z" finished-at="2016-03-03T14:29:16Z">
          <reporter-output>
          </reporter-output>
        </test-method> <!-- beforeMethod -->
        <test-method status="PASS" signature="cacheModes()[pri:0, instance:org.jpwh.test.cache.SecondLevel@262b2c86]" name="cacheModes" duration-ms="40" started-at="2016-03-03T14:29:16Z" finished-at="2016-03-03T14:29:16Z">
          <reporter-output>
          </reporter-output>
        </test-method> <!-- cacheModes -->
        <test-method status="PASS" signature="afterMethod()[pri:0, instance:org.jpwh.test.cache.SecondLevel@262b2c86]" name="afterMethod" is-config="true" duration-ms="154" started-at="2016-03-03T14:29:16Z" finished-at="2016-03-03T14:29:16Z">
          <reporter-output>
          </reporter-output>
        </test-method> <!-- afterMethod -->
        <test-method status="PASS" signature="beforeMethod()[pri:0, instance:org.jpwh.test.cache.SecondLevel@262b2c86]" name="beforeMethod" is-config="true" duration-ms="340" started-at="2016-03-03T14:29:16Z" finished-at="2016-03-03T14:29:17Z">
          <reporter-output>
          </reporter-output>
        </test-method> <!-- beforeMethod -->
        <test-method status="PASS" signature="cacheNaturalId()[pri:0, instance:org.jpwh.test.cache.SecondLevel@262b2c86]" name="cacheNaturalId" duration-ms="28" started-at="2016-03-03T14:29:17Z" finished-at="2016-03-03T14:29:17Z">
          <reporter-output>
          </reporter-output>
        </test-method> <!-- cacheNaturalId -->
        <test-method status="PASS" signature="afterMethod()[pri:0, instance:org.jpwh.test.cache.SecondLevel@262b2c86]" name="afterMethod" is-config="true" duration-ms="116" started-at="2016-03-03T14:29:17Z" finished-at="2016-03-03T14:29:17Z">
          <reporter-output>
          </reporter-output>
        </test-method> <!-- afterMethod -->
        <test-method status="PASS" signature="beforeMethod()[pri:0, instance:org.jpwh.test.cache.SecondLevel@262b2c86]" name="beforeMethod" is-config="true" duration-ms="453" started-at="2016-03-03T14:29:17Z" finished-at="2016-03-03T14:29:17Z">
          <reporter-output>
          </reporter-output>
        </test-method> <!-- beforeMethod -->
        <test-method status="PASS" signature="cacheQueryResults()[pri:0, instance:org.jpwh.test.cache.SecondLevel@262b2c86]" name="cacheQueryResults" duration-ms="31" started-at="2016-03-03T14:29:17Z" finished-at="2016-03-03T14:29:17Z">
          <reporter-output>
          </reporter-output>
        </test-method> <!-- cacheQueryResults -->
        <test-method status="PASS" signature="afterMethod()[pri:0, instance:org.jpwh.test.cache.SecondLevel@262b2c86]" name="afterMethod" is-config="true" duration-ms="193" started-at="2016-03-03T14:29:17Z" finished-at="2016-03-03T14:29:17Z">
          <reporter-output>
          </reporter-output>
        </test-method> <!-- afterMethod -->
      </class> <!-- org.jpwh.test.cache.SecondLevel -->
      <class name="org.jpwh.test.bulkbatch.BulkStatementsCriteria">
        <test-method status="PASS" signature="beforeSuite(java.lang.String, java.lang.String)[pri:0, instance:org.jpwh.test.bulkbatch.BulkStatementsCriteria@13c27452]" name="beforeSuite" is-config="true" duration-ms="290" started-at="2016-03-03T14:24:23Z" finished-at="2016-03-03T14:24:23Z">
          <params>
            <param index="0">
              <value is-null="true"/>
            </param>
            <param index="1">
              <value is-null="true"/>
            </param>
          </params>
          <reporter-output>
          </reporter-output>
        </test-method> <!-- beforeSuite -->
        <test-method status="PASS" signature="beforeMethod()[pri:0, instance:org.jpwh.test.bulkbatch.BulkStatementsCriteria@13c27452]" name="beforeMethod" is-config="true" duration-ms="304" started-at="2016-03-03T14:29:13Z" finished-at="2016-03-03T14:29:13Z">
          <reporter-output>
          </reporter-output>
        </test-method> <!-- beforeMethod -->
        <test-method status="PASS" signature="beforeClass()[pri:0, instance:org.jpwh.test.bulkbatch.BulkStatementsCriteria@13c27452]" name="beforeClass" is-config="true" duration-ms="0" started-at="2016-03-03T14:29:13Z" finished-at="2016-03-03T14:29:13Z">
          <reporter-output>
          </reporter-output>
        </test-method> <!-- beforeClass -->
        <test-method status="PASS" signature="bulkDelete()[pri:0, instance:org.jpwh.test.bulkbatch.BulkStatementsCriteria@13c27452]" name="bulkDelete" duration-ms="31" started-at="2016-03-03T14:29:13Z" finished-at="2016-03-03T14:29:13Z">
          <exception class="javax.persistence.EntityNotFoundException">
            <message>
              <![CDATA[No row with the given identifier exists: [org.jpwh.model.bulkbatch.CreditCard#302]]]>
            </message>
            <full-stacktrace>
              <![CDATA[javax.persistence.EntityNotFoundException: No row with the given identifier exists: [org.jpwh.model.bulkbatch.CreditCard#302]
	at org.hibernate.jpa.spi.AbstractEntityManagerImpl.convert(AbstractEntityManagerImpl.java:1674)
	at org.hibernate.jpa.spi.AbstractEntityManagerImpl.convert(AbstractEntityManagerImpl.java:1619)
	at org.hibernate.jpa.spi.AbstractEntityManagerImpl.refresh(AbstractEntityManagerImpl.java:1234)
	at org.hibernate.jpa.spi.AbstractEntityManagerImpl.refresh(AbstractEntityManagerImpl.java:1192)
	at org.jpwh.test.bulkbatch.BulkStatementsCriteria.bulkDelete(BulkStatementsCriteria.java:219)
	at sun.reflect.NativeMethodAccessorImpl.invoke0(Native Method)
	at sun.reflect.NativeMethodAccessorImpl.invoke(NativeMethodAccessorImpl.java:62)
	at sun.reflect.DelegatingMethodAccessorImpl.invoke(DelegatingMethodAccessorImpl.java:43)
	at java.lang.reflect.Method.invoke(Method.java:497)
	at org.testng.internal.MethodInvocationHelper.invokeMethod(MethodInvocationHelper.java:84)
	at org.testng.internal.Invoker.invokeMethod(Invoker.java:714)
	at org.testng.internal.Invoker.invokeTestMethod(Invoker.java:901)
	at org.testng.internal.Invoker.invokeTestMethods(Invoker.java:1231)
	at org.testng.internal.TestMethodWorker.invokeTestMethods(TestMethodWorker.java:127)
	at org.testng.internal.TestMethodWorker.run(TestMethodWorker.java:111)
	at org.testng.TestRunner.privateRun(TestRunner.java:767)
	at org.testng.TestRunner.run(TestRunner.java:617)
	at org.testng.SuiteRunner.runTest(SuiteRunner.java:334)
	at org.testng.SuiteRunner.runSequentially(SuiteRunner.java:329)
	at org.testng.SuiteRunner.privateRun(SuiteRunner.java:291)
	at org.testng.SuiteRunner.run(SuiteRunner.java:240)
	at org.testng.SuiteRunnerWorker.runSuite(SuiteRunnerWorker.java:52)
	at org.testng.SuiteRunnerWorker.run(SuiteRunnerWorker.java:86)
	at org.testng.TestNG.runSuitesSequentially(TestNG.java:1224)
	at org.testng.TestNG.runSuitesLocally(TestNG.java:1149)
	at org.testng.TestNG.run(TestNG.java:1057)
	at org.apache.maven.surefire.testng.TestNGExecutor.run(TestNGExecutor.java:122)
	at org.apache.maven.surefire.testng.TestNGXmlTestSuite.execute(TestNGXmlTestSuite.java:92)
	at org.apache.maven.surefire.testng.TestNGProvider.invoke(TestNGProvider.java:101)
	at sun.reflect.NativeMethodAccessorImpl.invoke0(Native Method)
	at sun.reflect.NativeMethodAccessorImpl.invoke(NativeMethodAccessorImpl.java:62)
	at sun.reflect.DelegatingMethodAccessorImpl.invoke(DelegatingMethodAccessorImpl.java:43)
	at java.lang.reflect.Method.invoke(Method.java:497)
	at org.apache.maven.surefire.util.ReflectionUtils.invokeMethodWithArray(ReflectionUtils.java:164)
	at org.apache.maven.surefire.booter.ProviderFactory$ProviderProxy.invoke(ProviderFactory.java:110)
	at org.apache.maven.surefire.booter.SurefireStarter.invokeProvider(SurefireStarter.java:172)
	at org.apache.maven.surefire.booter.SurefireStarter.runSuitesInProcessWhenForked(SurefireStarter.java:104)
	at org.apache.maven.surefire.booter.ForkedBooter.main(ForkedBooter.java:70)
]]>
            </full-stacktrace>
          </exception> <!-- javax.persistence.EntityNotFoundException -->
          <reporter-output>
          </reporter-output>
        </test-method> <!-- bulkDelete -->
        <test-method status="PASS" signature="afterMethod()[pri:0, instance:org.jpwh.test.bulkbatch.BulkStatementsCriteria@13c27452]" name="afterMethod" is-config="true" duration-ms="106" started-at="2016-03-03T14:29:13Z" finished-at="2016-03-03T14:29:13Z">
          <reporter-output>
          </reporter-output>
        </test-method> <!-- afterMethod -->
        <test-method status="PASS" signature="beforeMethod()[pri:0, instance:org.jpwh.test.bulkbatch.BulkStatementsCriteria@13c27452]" name="beforeMethod" is-config="true" duration-ms="289" started-at="2016-03-03T14:29:13Z" finished-at="2016-03-03T14:29:13Z">
          <reporter-output>
          </reporter-output>
        </test-method> <!-- beforeMethod -->
        <test-method status="PASS" signature="bulkUpdate()[pri:0, instance:org.jpwh.test.bulkbatch.BulkStatementsCriteria@13c27452]" name="bulkUpdate" duration-ms="26" started-at="2016-03-03T14:29:13Z" finished-at="2016-03-03T14:29:13Z">
          <reporter-output>
          </reporter-output>
        </test-method> <!-- bulkUpdate -->
        <test-method status="PASS" signature="afterMethod()[pri:0, instance:org.jpwh.test.bulkbatch.BulkStatementsCriteria@13c27452]" name="afterMethod" is-config="true" duration-ms="101" started-at="2016-03-03T14:29:13Z" finished-at="2016-03-03T14:29:13Z">
          <reporter-output>
          </reporter-output>
        </test-method> <!-- afterMethod -->
        <test-method status="PASS" signature="beforeMethod()[pri:0, instance:org.jpwh.test.bulkbatch.BulkStatementsCriteria@13c27452]" name="beforeMethod" is-config="true" duration-ms="299" started-at="2016-03-03T14:29:13Z" finished-at="2016-03-03T14:29:14Z">
          <reporter-output>
          </reporter-output>
        </test-method> <!-- beforeMethod -->
        <test-method status="PASS" signature="bulkUpdateVersioned()[pri:0, instance:org.jpwh.test.bulkbatch.BulkStatementsCriteria@13c27452]" name="bulkUpdateVersioned" duration-ms="13" started-at="2016-03-03T14:29:14Z" finished-at="2016-03-03T14:29:14Z">
          <reporter-output>
          </reporter-output>
        </test-method> <!-- bulkUpdateVersioned -->
        <test-method status="PASS" signature="afterMethod()[pri:0, instance:org.jpwh.test.bulkbatch.BulkStatementsCriteria@13c27452]" name="afterMethod" is-config="true" duration-ms="126" started-at="2016-03-03T14:29:14Z" finished-at="2016-03-03T14:29:14Z">
          <reporter-output>
          </reporter-output>
        </test-method> <!-- afterMethod -->
        <test-method status="PASS" signature="afterSuite()[pri:0, instance:org.jpwh.test.bulkbatch.BulkStatementsCriteria@13c27452]" name="afterSuite" is-config="true" duration-ms="142" started-at="2016-03-03T14:29:22Z" finished-at="2016-03-03T14:29:22Z">
          <reporter-output>
          </reporter-output>
        </test-method> <!-- afterSuite -->
      </class> <!-- org.jpwh.test.bulkbatch.BulkStatementsCriteria -->
    </test> <!-- Scaling -->
  </suite> <!-- AllTests - examples -->
</testng-results>
